{"C:\\Users\\BIT COMPUTERS\\Documents\\web development\\capstone backend\\src\\test.js":{"path":"C:\\Users\\BIT COMPUTERS\\Documents\\web development\\capstone backend\\src\\test.js","statementMap":{"0":{"start":{"line":3,"column":15},"end":{"line":3,"column":57}},"1":{"start":{"line":4,"column":16},"end":{"line":4,"column":59}},"2":{"start":{"line":5,"column":14},"end":{"line":5,"column":55}},"3":{"start":{"line":6,"column":13},"end":{"line":6,"column":62}},"4":{"start":{"line":7,"column":13},"end":{"line":7,"column":62}},"5":{"start":{"line":8,"column":11},"end":{"line":8,"column":58}},"6":{"start":{"line":9,"column":16},"end":{"line":9,"column":68}},"7":{"start":{"line":10,"column":12},"end":{"line":10,"column":51}},"8":{"start":{"line":11,"column":14},"end":{"line":11,"column":55}},"9":{"start":{"line":12,"column":24},"end":{"line":12,"column":77}},"10":{"start":{"line":13,"column":20},"end":{"line":13,"column":68}},"11":{"start":{"line":14,"column":14},"end":{"line":14,"column":73}},"12":{"start":{"line":15,"column":49},"end":{"line":15,"column":96}},"13":{"start":{"line":15,"column":84},"end":{"line":15,"column":96}},"14":{"start":{"line":15,"column":121},"end":{"line":15,"column":134}},"15":{"start":{"line":15,"column":159},"end":{"line":15,"column":172}},"16":{"start":{"line":15,"column":174},"end":{"line":15,"column":333}},"17":{"start":{"line":15,"column":258},"end":{"line":15,"column":316}},"18":{"start":{"line":16,"column":53},"end":{"line":16,"column":111}},"19":{"start":{"line":16,"column":98},"end":{"line":16,"column":109}},"20":{"start":{"line":16,"column":112},"end":{"line":16,"column":218}},"21":{"start":{"line":16,"column":190},"end":{"line":16,"column":216}},"22":{"start":{"line":16,"column":231},"end":{"line":16,"column":268}},"23":{"start":{"line":16,"column":270},"end":{"line":16,"column":325}},"24":{"start":{"line":16,"column":301},"end":{"line":16,"column":323}},"25":{"start":{"line":16,"column":339},"end":{"line":16,"column":341}},"26":{"start":{"line":16,"column":371},"end":{"line":16,"column":427}},"27":{"start":{"line":16,"column":429},"end":{"line":16,"column":730}},"28":{"start":{"line":16,"column":452},"end":{"line":16,"column":728}},"29":{"start":{"line":16,"column":538},"end":{"line":16,"column":610}},"30":{"start":{"line":16,"column":612},"end":{"line":16,"column":726}},"31":{"start":{"line":16,"column":650},"end":{"line":16,"column":691}},"32":{"start":{"line":16,"column":701},"end":{"line":16,"column":724}},"33":{"start":{"line":16,"column":731},"end":{"line":16,"column":755}},"34":{"start":{"line":16,"column":756},"end":{"line":16,"column":794}},"35":{"start":{"line":16,"column":769},"end":{"line":16,"column":792}},"36":{"start":{"line":16,"column":795},"end":{"line":16,"column":809}},"37":{"start":{"line":17,"column":39},"end":{"line":17,"column":95}},"38":{"start":{"line":18,"column":51},"end":{"line":18,"column":334}},"39":{"start":{"line":18,"column":153},"end":{"line":18,"column":171}},"40":{"start":{"line":18,"column":193},"end":{"line":18,"column":317}},"41":{"start":{"line":19,"column":196},"end":{"line":19,"column":269}},"42":{"start":{"line":19,"column":251},"end":{"line":19,"column":266}},"43":{"start":{"line":19,"column":284},"end":{"line":19,"column":286}},"44":{"start":{"line":19,"column":293},"end":{"line":19,"column":309}},"45":{"start":{"line":19,"column":320},"end":{"line":19,"column":337}},"46":{"start":{"line":19,"column":356},"end":{"line":19,"column":433}},"47":{"start":{"line":19,"column":409},"end":{"line":19,"column":431}},"48":{"start":{"line":19,"column":445},"end":{"line":19,"column":486}},"49":{"start":{"line":19,"column":505},"end":{"line":19,"column":537}},"50":{"start":{"line":19,"column":561},"end":{"line":19,"column":603}},"51":{"start":{"line":19,"column":625},"end":{"line":19,"column":663}},"52":{"start":{"line":19,"column":700},"end":{"line":19,"column":815}},"53":{"start":{"line":19,"column":818},"end":{"line":19,"column":929}},"54":{"start":{"line":19,"column":824},"end":{"line":19,"column":839}},"55":{"start":{"line":19,"column":856},"end":{"line":19,"column":927}},"56":{"start":{"line":19,"column":900},"end":{"line":19,"column":924}},"57":{"start":{"line":19,"column":1004},"end":{"line":19,"column":1075}},"58":{"start":{"line":19,"column":1089},"end":{"line":19,"column":1128}},"59":{"start":{"line":19,"column":1140},"end":{"line":19,"column":1170}},"60":{"start":{"line":19,"column":1172},"end":{"line":19,"column":1280}},"61":{"start":{"line":19,"column":1317},"end":{"line":19,"column":1427}},"62":{"start":{"line":19,"column":1323},"end":{"line":19,"column":1373}},"63":{"start":{"line":19,"column":1390},"end":{"line":19,"column":1425}},"64":{"start":{"line":19,"column":1430},"end":{"line":19,"column":1450}},"65":{"start":{"line":19,"column":1474},"end":{"line":19,"column":1476}},"66":{"start":{"line":19,"column":1599},"end":{"line":19,"column":1601}},"67":{"start":{"line":19,"column":1603},"end":{"line":19,"column":1675}},"68":{"start":{"line":19,"column":1659},"end":{"line":19,"column":1671}},"69":{"start":{"line":19,"column":1691},"end":{"line":19,"column":1712}},"70":{"start":{"line":19,"column":1740},"end":{"line":19,"column":1782}},"71":{"start":{"line":19,"column":1784},"end":{"line":19,"column":1947}},"72":{"start":{"line":19,"column":1957},"end":{"line":19,"column":2050}},"73":{"start":{"line":19,"column":2096},"end":{"line":19,"column":2236}},"74":{"start":{"line":19,"column":2152},"end":{"line":19,"column":2232}},"75":{"start":{"line":19,"column":2195},"end":{"line":19,"column":2228}},"76":{"start":{"line":19,"column":2349},"end":{"line":19,"column":2392}},"77":{"start":{"line":19,"column":2394},"end":{"line":19,"column":2886}},"78":{"start":{"line":19,"column":2438},"end":{"line":19,"column":2448}},"79":{"start":{"line":19,"column":2458},"end":{"line":19,"column":2470}},"80":{"start":{"line":19,"column":2472},"end":{"line":19,"column":2884}},"81":{"start":{"line":19,"column":2609},"end":{"line":19,"column":2648}},"82":{"start":{"line":19,"column":2669},"end":{"line":19,"column":2707}},"83":{"start":{"line":19,"column":2768},"end":{"line":19,"column":2810}},"84":{"start":{"line":19,"column":2833},"end":{"line":19,"column":2880}},"85":{"start":{"line":19,"column":2887},"end":{"line":19,"column":2906}},"86":{"start":{"line":19,"column":2930},"end":{"line":19,"column":3294}},"87":{"start":{"line":19,"column":3041},"end":{"line":19,"column":3134}},"88":{"start":{"line":19,"column":3093},"end":{"line":19,"column":3130}},"89":{"start":{"line":19,"column":3137},"end":{"line":19,"column":3288}},"90":{"start":{"line":19,"column":3361},"end":{"line":19,"column":3377}},"91":{"start":{"line":19,"column":3379},"end":{"line":19,"column":4499}},"92":{"start":{"line":19,"column":3411},"end":{"line":19,"column":3486}},"93":{"start":{"line":19,"column":3438},"end":{"line":19,"column":3486}},"94":{"start":{"line":19,"column":3487},"end":{"line":19,"column":3573}},"95":{"start":{"line":19,"column":3516},"end":{"line":19,"column":3550}},"96":{"start":{"line":19,"column":3540},"end":{"line":19,"column":3550}},"97":{"start":{"line":19,"column":3551},"end":{"line":19,"column":3571}},"98":{"start":{"line":19,"column":3574},"end":{"line":19,"column":4496}},"99":{"start":{"line":19,"column":3642},"end":{"line":19,"column":3658}},"100":{"start":{"line":19,"column":3660},"end":{"line":19,"column":3836}},"101":{"start":{"line":19,"column":3697},"end":{"line":19,"column":3735}},"102":{"start":{"line":19,"column":3737},"end":{"line":19,"column":3834}},"103":{"start":{"line":19,"column":3759},"end":{"line":19,"column":3809}},"104":{"start":{"line":19,"column":3800},"end":{"line":19,"column":3809}},"105":{"start":{"line":19,"column":3810},"end":{"line":19,"column":3832}},"106":{"start":{"line":19,"column":3837},"end":{"line":19,"column":4138}},"107":{"start":{"line":19,"column":3868},"end":{"line":19,"column":3911}},"108":{"start":{"line":19,"column":3916},"end":{"line":19,"column":4138}},"109":{"start":{"line":19,"column":3950},"end":{"line":19,"column":4021}},"110":{"start":{"line":19,"column":3982},"end":{"line":19,"column":4021}},"111":{"start":{"line":19,"column":4022},"end":{"line":19,"column":4061}},"112":{"start":{"line":19,"column":4069},"end":{"line":19,"column":4138}},"113":{"start":{"line":19,"column":4139},"end":{"line":19,"column":4159}},"114":{"start":{"line":19,"column":4173},"end":{"line":19,"column":4205}},"115":{"start":{"line":19,"column":4207},"end":{"line":19,"column":4392}},"116":{"start":{"line":19,"column":4239},"end":{"line":19,"column":4340}},"117":{"start":{"line":19,"column":4331},"end":{"line":19,"column":4340}},"118":{"start":{"line":19,"column":4341},"end":{"line":19,"column":4390}},"119":{"start":{"line":19,"column":4393},"end":{"line":19,"column":4494}},"120":{"start":{"line":19,"column":4569},"end":{"line":19,"column":4583}},"121":{"start":{"line":19,"column":4594},"end":{"line":19,"column":4623}},"122":{"start":{"line":19,"column":4625},"end":{"line":19,"column":5028}},"123":{"start":{"line":19,"column":4651},"end":{"line":19,"column":5028}},"124":{"start":{"line":19,"column":5042},"end":{"line":19,"column":5090}},"125":{"start":{"line":19,"column":5092},"end":{"line":19,"column":5222}},"126":{"start":{"line":19,"column":5121},"end":{"line":19,"column":5222}},"127":{"start":{"line":19,"column":5234},"end":{"line":19,"column":5244}},"128":{"start":{"line":19,"column":5246},"end":{"line":19,"column":5619}},"129":{"start":{"line":19,"column":5664},"end":{"line":19,"column":5683}},"130":{"start":{"line":19,"column":5685},"end":{"line":19,"column":5823}},"131":{"start":{"line":19,"column":5871},"end":{"line":19,"column":5893}},"132":{"start":{"line":19,"column":5895},"end":{"line":19,"column":5964}},"133":{"start":{"line":19,"column":5999},"end":{"line":19,"column":6095}},"134":{"start":{"line":19,"column":6126},"end":{"line":19,"column":6572}},"135":{"start":{"line":19,"column":6163},"end":{"line":19,"column":6187}},"136":{"start":{"line":19,"column":6189},"end":{"line":19,"column":6246}},"137":{"start":{"line":19,"column":6209},"end":{"line":19,"column":6246}},"138":{"start":{"line":19,"column":6247},"end":{"line":19,"column":6303}},"139":{"start":{"line":19,"column":6287},"end":{"line":19,"column":6303}},"140":{"start":{"line":19,"column":6304},"end":{"line":19,"column":6570}},"141":{"start":{"line":19,"column":6343},"end":{"line":19,"column":6345}},"142":{"start":{"line":19,"column":6354},"end":{"line":19,"column":6542}},"143":{"start":{"line":19,"column":6372},"end":{"line":19,"column":6487}},"144":{"start":{"line":19,"column":6403},"end":{"line":19,"column":6487}},"145":{"start":{"line":19,"column":6433},"end":{"line":19,"column":6487}},"146":{"start":{"line":19,"column":6488},"end":{"line":19,"column":6540}},"147":{"start":{"line":19,"column":6544},"end":{"line":19,"column":6568}},"148":{"start":{"line":19,"column":6573},"end":{"line":19,"column":6601}},"149":{"start":{"line":19,"column":6628},"end":{"line":19,"column":6666}},"150":{"start":{"line":19,"column":6669},"end":{"line":19,"column":12094}},"151":{"start":{"line":19,"column":7102},"end":{"line":19,"column":7151}},"152":{"start":{"line":19,"column":7153},"end":{"line":19,"column":7258}},"153":{"start":{"line":19,"column":7297},"end":{"line":19,"column":7538}},"154":{"start":{"line":19,"column":7575},"end":{"line":19,"column":7599}},"155":{"start":{"line":19,"column":7718},"end":{"line":19,"column":7730}},"156":{"start":{"line":19,"column":7852},"end":{"line":19,"column":7902}},"157":{"start":{"line":19,"column":7914},"end":{"line":19,"column":7987}},"158":{"start":{"line":19,"column":7989},"end":{"line":19,"column":8131}},"159":{"start":{"line":19,"column":8079},"end":{"line":19,"column":8127}},"160":{"start":{"line":19,"column":8247},"end":{"line":19,"column":8259}},"161":{"start":{"line":19,"column":8301},"end":{"line":19,"column":8329}},"162":{"start":{"line":19,"column":8379},"end":{"line":19,"column":8390}},"163":{"start":{"line":19,"column":8399},"end":{"line":19,"column":8401}},"164":{"start":{"line":19,"column":8403},"end":{"line":19,"column":8442}},"165":{"start":{"line":19,"column":8427},"end":{"line":19,"column":8442}},"166":{"start":{"line":19,"column":8443},"end":{"line":19,"column":8628}},"167":{"start":{"line":19,"column":8484},"end":{"line":19,"column":8596}},"168":{"start":{"line":19,"column":8517},"end":{"line":19,"column":8527}},"169":{"start":{"line":19,"column":8529},"end":{"line":19,"column":8594}},"170":{"start":{"line":19,"column":8548},"end":{"line":19,"column":8594}},"171":{"start":{"line":19,"column":8597},"end":{"line":19,"column":8625}},"172":{"start":{"line":19,"column":8740},"end":{"line":19,"column":9075}},"173":{"start":{"line":19,"column":8948},"end":{"line":19,"column":9075}},"174":{"start":{"line":19,"column":8971},"end":{"line":19,"column":9075}},"175":{"start":{"line":19,"column":9103},"end":{"line":19,"column":9118}},"176":{"start":{"line":19,"column":9136},"end":{"line":19,"column":9165}},"177":{"start":{"line":19,"column":9167},"end":{"line":19,"column":9221}},"178":{"start":{"line":19,"column":9200},"end":{"line":19,"column":9221}},"179":{"start":{"line":19,"column":9222},"end":{"line":19,"column":9239}},"180":{"start":{"line":19,"column":9302},"end":{"line":19,"column":9333}},"181":{"start":{"line":19,"column":9317},"end":{"line":19,"column":9333}},"182":{"start":{"line":19,"column":9348},"end":{"line":19,"column":9352}},"183":{"start":{"line":19,"column":9385},"end":{"line":19,"column":9530}},"184":{"start":{"line":19,"column":9533},"end":{"line":19,"column":10237}},"185":{"start":{"line":19,"column":9546},"end":{"line":19,"column":9572}},"186":{"start":{"line":19,"column":9601},"end":{"line":19,"column":9619}},"187":{"start":{"line":19,"column":9630},"end":{"line":19,"column":9646}},"188":{"start":{"line":19,"column":9648},"end":{"line":19,"column":9698}},"189":{"start":{"line":19,"column":9677},"end":{"line":19,"column":9698}},"190":{"start":{"line":19,"column":9699},"end":{"line":19,"column":10235}},"191":{"start":{"line":19,"column":9747},"end":{"line":19,"column":9777}},"192":{"start":{"line":19,"column":9792},"end":{"line":19,"column":9824}},"193":{"start":{"line":19,"column":9826},"end":{"line":19,"column":10233}},"194":{"start":{"line":19,"column":9856},"end":{"line":19,"column":9922}},"195":{"start":{"line":19,"column":9888},"end":{"line":19,"column":9922}},"196":{"start":{"line":19,"column":9923},"end":{"line":19,"column":9989}},"197":{"start":{"line":19,"column":9957},"end":{"line":19,"column":9989}},"198":{"start":{"line":19,"column":9997},"end":{"line":19,"column":10233}},"199":{"start":{"line":19,"column":10013},"end":{"line":19,"column":10079}},"200":{"start":{"line":19,"column":10045},"end":{"line":19,"column":10079}},"201":{"start":{"line":19,"column":10089},"end":{"line":19,"column":10164}},"202":{"start":{"line":19,"column":10106},"end":{"line":19,"column":10164}},"203":{"start":{"line":19,"column":10165},"end":{"line":19,"column":10231}},"204":{"start":{"line":19,"column":10199},"end":{"line":19,"column":10231}},"205":{"start":{"line":19,"column":10278},"end":{"line":19,"column":10503}},"206":{"start":{"line":19,"column":10291},"end":{"line":19,"column":10317}},"207":{"start":{"line":19,"column":10346},"end":{"line":19,"column":10364}},"208":{"start":{"line":19,"column":10366},"end":{"line":19,"column":10501}},"209":{"start":{"line":19,"column":10486},"end":{"line":19,"column":10491}},"210":{"start":{"line":19,"column":10493},"end":{"line":19,"column":10499}},"211":{"start":{"line":19,"column":10504},"end":{"line":19,"column":10651}},"212":{"start":{"line":19,"column":10665},"end":{"line":19,"column":10708}},"213":{"start":{"line":19,"column":10710},"end":{"line":19,"column":10872}},"214":{"start":{"line":19,"column":10924},"end":{"line":19,"column":10970}},"215":{"start":{"line":19,"column":10953},"end":{"line":19,"column":10970}},"216":{"start":{"line":19,"column":10971},"end":{"line":19,"column":11248}},"217":{"start":{"line":19,"column":11290},"end":{"line":19,"column":11512}},"218":{"start":{"line":19,"column":11303},"end":{"line":19,"column":11329}},"219":{"start":{"line":19,"column":11358},"end":{"line":19,"column":11376}},"220":{"start":{"line":19,"column":11378},"end":{"line":19,"column":11510}},"221":{"start":{"line":19,"column":11415},"end":{"line":19,"column":11510}},"222":{"start":{"line":19,"column":11551},"end":{"line":19,"column":11799}},"223":{"start":{"line":19,"column":11564},"end":{"line":19,"column":11590}},"224":{"start":{"line":19,"column":11619},"end":{"line":19,"column":11637}},"225":{"start":{"line":19,"column":11639},"end":{"line":19,"column":11797}},"226":{"start":{"line":19,"column":11683},"end":{"line":19,"column":11699}},"227":{"start":{"line":19,"column":11701},"end":{"line":19,"column":11780}},"228":{"start":{"line":19,"column":11745},"end":{"line":19,"column":11755}},"229":{"start":{"line":19,"column":11757},"end":{"line":19,"column":11778}},"230":{"start":{"line":19,"column":11781},"end":{"line":19,"column":11795}},"231":{"start":{"line":19,"column":11800},"end":{"line":19,"column":11841}},"232":{"start":{"line":19,"column":11916},"end":{"line":19,"column":12080}},"233":{"start":{"line":20,"column":77},"end":{"line":20,"column":175}},"234":{"start":{"line":20,"column":94},"end":{"line":20,"column":107}},"235":{"start":{"line":20,"column":121},"end":{"line":20,"column":131}},"236":{"start":{"line":20,"column":151},"end":{"line":20,"column":165}},"237":{"start":{"line":20,"column":166},"end":{"line":20,"column":173}},"238":{"start":{"line":20,"column":176},"end":{"line":20,"column":263}},"239":{"start":{"line":20,"column":193},"end":{"line":20,"column":208}},"240":{"start":{"line":20,"column":218},"end":{"line":20,"column":261}},"241":{"start":{"line":21,"column":33},"end":{"line":21,"column":387}},"242":{"start":{"line":21,"column":65},"end":{"line":21,"column":69}},"243":{"start":{"line":21,"column":78},"end":{"line":21,"column":87}},"244":{"start":{"line":21,"column":89},"end":{"line":21,"column":384}},"245":{"start":{"line":21,"column":147},"end":{"line":21,"column":167}},"246":{"start":{"line":21,"column":193},"end":{"line":21,"column":264}},"247":{"start":{"line":21,"column":290},"end":{"line":21,"column":360}},"248":{"start":{"line":21,"column":363},"end":{"line":21,"column":380}},"249":{"start":{"line":22,"column":12},"end":{"line":22,"column":50}},"250":{"start":{"line":23,"column":10},"end":{"line":23,"column":36}},"251":{"start":{"line":24,"column":0},"end":{"line":24,"column":28}},"252":{"start":{"line":25,"column":11},"end":{"line":25,"column":27}},"253":{"start":{"line":26,"column":0},"end":{"line":28,"column":4}},"254":{"start":{"line":29,"column":0},"end":{"line":29,"column":36}},"255":{"start":{"line":30,"column":0},"end":{"line":30,"column":40}},"256":{"start":{"line":31,"column":0},"end":{"line":31,"column":46}},"257":{"start":{"line":33,"column":2},"end":{"line":33,"column":41}},"258":{"start":{"line":36,"column":2},"end":{"line":55,"column":6}},"259":{"start":{"line":37,"column":4},"end":{"line":54,"column":32}},"260":{"start":{"line":38,"column":6},"end":{"line":53,"column":7}},"261":{"start":{"line":38,"column":16},"end":{"line":53,"column":7}},"262":{"start":{"line":40,"column":10},"end":{"line":40,"column":28}},"263":{"start":{"line":41,"column":10},"end":{"line":41,"column":28}},"264":{"start":{"line":42,"column":10},"end":{"line":42,"column":115}},"265":{"start":{"line":44,"column":10},"end":{"line":44,"column":28}},"266":{"start":{"line":45,"column":10},"end":{"line":45,"column":16}},"267":{"start":{"line":47,"column":10},"end":{"line":47,"column":28}},"268":{"start":{"line":48,"column":10},"end":{"line":48,"column":45}},"269":{"start":{"line":49,"column":10},"end":{"line":49,"column":37}},"270":{"start":{"line":52,"column":10},"end":{"line":52,"column":33}},"271":{"start":{"line":56,"column":2},"end":{"line":56,"column":41}},"272":{"start":{"line":58,"column":0},"end":{"line":58,"column":100}},"273":{"start":{"line":59,"column":0},"end":{"line":59,"column":38}},"274":{"start":{"line":60,"column":0},"end":{"line":60,"column":37}},"275":{"start":{"line":61,"column":0},"end":{"line":61,"column":36}},"276":{"start":{"line":62,"column":0},"end":{"line":62,"column":43}},"277":{"start":{"line":63,"column":0},"end":{"line":63,"column":10}},"278":{"start":{"line":64,"column":0},"end":{"line":66,"column":3}},"279":{"start":{"line":65,"column":2},"end":{"line":65,"column":45}},"280":{"start":{"line":67,"column":0},"end":{"line":67,"column":21}}},"fnMap":{"0":{"name":"_getRequireWildcardCache","decl":{"start":{"line":15,"column":9},"end":{"line":15,"column":33}},"loc":{"start":{"line":15,"column":47},"end":{"line":15,"column":335}},"line":15},"1":{"name":"_getRequireWildcardCache","decl":{"start":{"line":15,"column":218},"end":{"line":15,"column":242}},"loc":{"start":{"line":15,"column":256},"end":{"line":15,"column":318}},"line":15},"2":{"name":"_interopRequireWildcard","decl":{"start":{"line":16,"column":9},"end":{"line":16,"column":32}},"loc":{"start":{"line":16,"column":51},"end":{"line":16,"column":811}},"line":16},"3":{"name":"_interopRequireDefault","decl":{"start":{"line":17,"column":9},"end":{"line":17,"column":31}},"loc":{"start":{"line":17,"column":37},"end":{"line":17,"column":97}},"line":17},"4":{"name":"_typeof","decl":{"start":{"line":18,"column":9},"end":{"line":18,"column":16}},"loc":{"start":{"line":18,"column":22},"end":{"line":18,"column":336}},"line":18},"5":{"name":"(anonymous_5)","decl":{"start":{"line":18,"column":136},"end":{"line":18,"column":137}},"loc":{"start":{"line":18,"column":151},"end":{"line":18,"column":173}},"line":18},"6":{"name":"(anonymous_6)","decl":{"start":{"line":18,"column":176},"end":{"line":18,"column":177}},"loc":{"start":{"line":18,"column":191},"end":{"line":18,"column":319}},"line":18},"7":{"name":"_regeneratorRuntime","decl":{"start":{"line":19,"column":9},"end":{"line":19,"column":28}},"loc":{"start":{"line":19,"column":31},"end":{"line":19,"column":12096}},"line":19},"8":{"name":"_regeneratorRuntime","decl":{"start":{"line":19,"column":227},"end":{"line":19,"column":246}},"loc":{"start":{"line":19,"column":249},"end":{"line":19,"column":268}},"line":19},"9":{"name":"(anonymous_9)","decl":{"start":{"line":19,"column":381},"end":{"line":19,"column":382}},"loc":{"start":{"line":19,"column":407},"end":{"line":19,"column":433}},"line":19},"10":{"name":"define","decl":{"start":{"line":19,"column":674},"end":{"line":19,"column":680}},"loc":{"start":{"line":19,"column":698},"end":{"line":19,"column":817}},"line":19},"11":{"name":"define","decl":{"start":{"line":19,"column":874},"end":{"line":19,"column":880}},"loc":{"start":{"line":19,"column":898},"end":{"line":19,"column":926}},"line":19},"12":{"name":"wrap","decl":{"start":{"line":19,"column":939},"end":{"line":19,"column":943}},"loc":{"start":{"line":19,"column":981},"end":{"line":19,"column":1282}},"line":19},"13":{"name":"tryCatch","decl":{"start":{"line":19,"column":1292},"end":{"line":19,"column":1300}},"loc":{"start":{"line":19,"column":1315},"end":{"line":19,"column":1429}},"line":19},"14":{"name":"Generator","decl":{"start":{"line":19,"column":1487},"end":{"line":19,"column":1496}},"loc":{"start":{"line":19,"column":1499},"end":{"line":19,"column":1501}},"line":19},"15":{"name":"GeneratorFunction","decl":{"start":{"line":19,"column":1511},"end":{"line":19,"column":1528}},"loc":{"start":{"line":19,"column":1531},"end":{"line":19,"column":1533}},"line":19},"16":{"name":"GeneratorFunctionPrototype","decl":{"start":{"line":19,"column":1543},"end":{"line":19,"column":1569}},"loc":{"start":{"line":19,"column":1572},"end":{"line":19,"column":1574}},"line":19},"17":{"name":"(anonymous_17)","decl":{"start":{"line":19,"column":1645},"end":{"line":19,"column":1646}},"loc":{"start":{"line":19,"column":1657},"end":{"line":19,"column":1673}},"line":19},"18":{"name":"defineIteratorMethods","decl":{"start":{"line":19,"column":2061},"end":{"line":19,"column":2082}},"loc":{"start":{"line":19,"column":2094},"end":{"line":19,"column":2238}},"line":19},"19":{"name":"(anonymous_19)","decl":{"start":{"line":19,"column":2132},"end":{"line":19,"column":2133}},"loc":{"start":{"line":19,"column":2150},"end":{"line":19,"column":2234}},"line":19},"20":{"name":"(anonymous_20)","decl":{"start":{"line":19,"column":2178},"end":{"line":19,"column":2179}},"loc":{"start":{"line":19,"column":2193},"end":{"line":19,"column":2230}},"line":19},"21":{"name":"AsyncIterator","decl":{"start":{"line":19,"column":2248},"end":{"line":19,"column":2261}},"loc":{"start":{"line":19,"column":2286},"end":{"line":19,"column":3296}},"line":19},"22":{"name":"invoke","decl":{"start":{"line":19,"column":2297},"end":{"line":19,"column":2303}},"loc":{"start":{"line":19,"column":2334},"end":{"line":19,"column":2908}},"line":19},"23":{"name":"(anonymous_23)","decl":{"start":{"line":19,"column":2590},"end":{"line":19,"column":2591}},"loc":{"start":{"line":19,"column":2607},"end":{"line":19,"column":2650}},"line":19},"24":{"name":"(anonymous_24)","decl":{"start":{"line":19,"column":2652},"end":{"line":19,"column":2653}},"loc":{"start":{"line":19,"column":2667},"end":{"line":19,"column":2709}},"line":19},"25":{"name":"(anonymous_25)","decl":{"start":{"line":19,"column":2745},"end":{"line":19,"column":2746}},"loc":{"start":{"line":19,"column":2766},"end":{"line":19,"column":2812}},"line":19},"26":{"name":"(anonymous_26)","decl":{"start":{"line":19,"column":2814},"end":{"line":19,"column":2815}},"loc":{"start":{"line":19,"column":2831},"end":{"line":19,"column":2882}},"line":19},"27":{"name":"value","decl":{"start":{"line":19,"column":2980},"end":{"line":19,"column":2985}},"loc":{"start":{"line":19,"column":2999},"end":{"line":19,"column":3290}},"line":19},"28":{"name":"callInvokeWithMethodAndArg","decl":{"start":{"line":19,"column":3010},"end":{"line":19,"column":3036}},"loc":{"start":{"line":19,"column":3039},"end":{"line":19,"column":3136}},"line":19},"29":{"name":"(anonymous_29)","decl":{"start":{"line":19,"column":3064},"end":{"line":19,"column":3065}},"loc":{"start":{"line":19,"column":3091},"end":{"line":19,"column":3132}},"line":19},"30":{"name":"makeInvokeMethod","decl":{"start":{"line":19,"column":3306},"end":{"line":19,"column":3322}},"loc":{"start":{"line":19,"column":3347},"end":{"line":19,"column":4501}},"line":19},"31":{"name":"(anonymous_31)","decl":{"start":{"line":19,"column":3386},"end":{"line":19,"column":3387}},"loc":{"start":{"line":19,"column":3409},"end":{"line":19,"column":4498}},"line":19},"32":{"name":"maybeInvokeDelegate","decl":{"start":{"line":19,"column":4511},"end":{"line":19,"column":4530}},"loc":{"start":{"line":19,"column":4550},"end":{"line":19,"column":5621}},"line":19},"33":{"name":"pushTryEntry","decl":{"start":{"line":19,"column":5631},"end":{"line":19,"column":5643}},"loc":{"start":{"line":19,"column":5650},"end":{"line":19,"column":5825}},"line":19},"34":{"name":"resetTryEntry","decl":{"start":{"line":19,"column":5835},"end":{"line":19,"column":5848}},"loc":{"start":{"line":19,"column":5856},"end":{"line":19,"column":5966}},"line":19},"35":{"name":"Context","decl":{"start":{"line":19,"column":5976},"end":{"line":19,"column":5983}},"loc":{"start":{"line":19,"column":5997},"end":{"line":19,"column":6097}},"line":19},"36":{"name":"values","decl":{"start":{"line":19,"column":6107},"end":{"line":19,"column":6113}},"loc":{"start":{"line":19,"column":6124},"end":{"line":19,"column":6603}},"line":19},"37":{"name":"next","decl":{"start":{"line":19,"column":6363},"end":{"line":19,"column":6367}},"loc":{"start":{"line":19,"column":6370},"end":{"line":19,"column":6542}},"line":19},"38":{"name":"doneResult","decl":{"start":{"line":19,"column":6613},"end":{"line":19,"column":6623}},"loc":{"start":{"line":19,"column":6626},"end":{"line":19,"column":6668}},"line":19},"39":{"name":"(anonymous_39)","decl":{"start":{"line":19,"column":7071},"end":{"line":19,"column":7072}},"loc":{"start":{"line":19,"column":7089},"end":{"line":19,"column":7260}},"line":19},"40":{"name":"(anonymous_40)","decl":{"start":{"line":19,"column":7277},"end":{"line":19,"column":7278}},"loc":{"start":{"line":19,"column":7295},"end":{"line":19,"column":7540}},"line":19},"41":{"name":"(anonymous_41)","decl":{"start":{"line":19,"column":7558},"end":{"line":19,"column":7559}},"loc":{"start":{"line":19,"column":7573},"end":{"line":19,"column":7601}},"line":19},"42":{"name":"(anonymous_42)","decl":{"start":{"line":19,"column":7704},"end":{"line":19,"column":7705}},"loc":{"start":{"line":19,"column":7716},"end":{"line":19,"column":7732}},"line":19},"43":{"name":"(anonymous_43)","decl":{"start":{"line":19,"column":7790},"end":{"line":19,"column":7791}},"loc":{"start":{"line":19,"column":7850},"end":{"line":19,"column":8133}},"line":19},"44":{"name":"(anonymous_44)","decl":{"start":{"line":19,"column":8059},"end":{"line":19,"column":8060}},"loc":{"start":{"line":19,"column":8077},"end":{"line":19,"column":8129}},"line":19},"45":{"name":"(anonymous_45)","decl":{"start":{"line":19,"column":8233},"end":{"line":19,"column":8234}},"loc":{"start":{"line":19,"column":8245},"end":{"line":19,"column":8261}},"line":19},"46":{"name":"(anonymous_46)","decl":{"start":{"line":19,"column":8287},"end":{"line":19,"column":8288}},"loc":{"start":{"line":19,"column":8299},"end":{"line":19,"column":8331}},"line":19},"47":{"name":"(anonymous_47)","decl":{"start":{"line":19,"column":8349},"end":{"line":19,"column":8350}},"loc":{"start":{"line":19,"column":8364},"end":{"line":19,"column":8630}},"line":19},"48":{"name":"next","decl":{"start":{"line":19,"column":8475},"end":{"line":19,"column":8479}},"loc":{"start":{"line":19,"column":8482},"end":{"line":19,"column":8627}},"line":19},"49":{"name":"reset","decl":{"start":{"line":19,"column":8717},"end":{"line":19,"column":8722}},"loc":{"start":{"line":19,"column":8738},"end":{"line":19,"column":9077}},"line":19},"50":{"name":"stop","decl":{"start":{"line":19,"column":9094},"end":{"line":19,"column":9098}},"loc":{"start":{"line":19,"column":9101},"end":{"line":19,"column":9241}},"line":19},"51":{"name":"dispatchException","decl":{"start":{"line":19,"column":9271},"end":{"line":19,"column":9288}},"loc":{"start":{"line":19,"column":9300},"end":{"line":19,"column":10239}},"line":19},"52":{"name":"handle","decl":{"start":{"line":19,"column":9363},"end":{"line":19,"column":9369}},"loc":{"start":{"line":19,"column":9383},"end":{"line":19,"column":9532}},"line":19},"53":{"name":"abrupt","decl":{"start":{"line":19,"column":10258},"end":{"line":19,"column":10264}},"loc":{"start":{"line":19,"column":10276},"end":{"line":19,"column":10874}},"line":19},"54":{"name":"complete","decl":{"start":{"line":19,"column":10895},"end":{"line":19,"column":10903}},"loc":{"start":{"line":19,"column":10922},"end":{"line":19,"column":11250}},"line":19},"55":{"name":"finish","decl":{"start":{"line":19,"column":11269},"end":{"line":19,"column":11275}},"loc":{"start":{"line":19,"column":11288},"end":{"line":19,"column":11514}},"line":19},"56":{"name":"_catch","decl":{"start":{"line":19,"column":11534},"end":{"line":19,"column":11540}},"loc":{"start":{"line":19,"column":11549},"end":{"line":19,"column":11843}},"line":19},"57":{"name":"delegateYield","decl":{"start":{"line":19,"column":11869},"end":{"line":19,"column":11882}},"loc":{"start":{"line":19,"column":11914},"end":{"line":19,"column":12082}},"line":19},"58":{"name":"asyncGeneratorStep","decl":{"start":{"line":20,"column":9},"end":{"line":20,"column":27}},"loc":{"start":{"line":20,"column":75},"end":{"line":20,"column":265}},"line":20},"59":{"name":"_asyncToGenerator","decl":{"start":{"line":21,"column":9},"end":{"line":21,"column":26}},"loc":{"start":{"line":21,"column":31},"end":{"line":21,"column":389}},"line":21},"60":{"name":"(anonymous_60)","decl":{"start":{"line":21,"column":40},"end":{"line":21,"column":41}},"loc":{"start":{"line":21,"column":52},"end":{"line":21,"column":386}},"line":21},"61":{"name":"(anonymous_61)","decl":{"start":{"line":21,"column":108},"end":{"line":21,"column":109}},"loc":{"start":{"line":21,"column":135},"end":{"line":21,"column":382}},"line":21},"62":{"name":"_next","decl":{"start":{"line":21,"column":178},"end":{"line":21,"column":183}},"loc":{"start":{"line":21,"column":191},"end":{"line":21,"column":266}},"line":21},"63":{"name":"_throw","decl":{"start":{"line":21,"column":276},"end":{"line":21,"column":282}},"loc":{"start":{"line":21,"column":288},"end":{"line":21,"column":362}},"line":21},"64":{"name":"connect","decl":{"start":{"line":32,"column":9},"end":{"line":32,"column":16}},"loc":{"start":{"line":32,"column":19},"end":{"line":34,"column":1}},"line":32},"65":{"name":"_connect","decl":{"start":{"line":35,"column":9},"end":{"line":35,"column":17}},"loc":{"start":{"line":35,"column":20},"end":{"line":57,"column":1}},"line":35},"66":{"name":"_callee","decl":{"start":{"line":36,"column":81},"end":{"line":36,"column":88}},"loc":{"start":{"line":36,"column":91},"end":{"line":55,"column":3}},"line":36},"67":{"name":"_callee$","decl":{"start":{"line":37,"column":47},"end":{"line":37,"column":55}},"loc":{"start":{"line":37,"column":66},"end":{"line":54,"column":5}},"line":37},"68":{"name":"(anonymous_68)","decl":{"start":{"line":64,"column":17},"end":{"line":64,"column":18}},"loc":{"start":{"line":64,"column":29},"end":{"line":66,"column":1}},"line":64}},"branchMap":{"0":{"loc":{"start":{"line":15,"column":49},"end":{"line":15,"column":96}},"type":"if","locations":[{"start":{"line":15,"column":49},"end":{"line":15,"column":96}},{"start":{"line":15,"column":49},"end":{"line":15,"column":96}}],"line":15},"1":{"loc":{"start":{"line":15,"column":265},"end":{"line":15,"column":315}},"type":"cond-expr","locations":[{"start":{"line":15,"column":279},"end":{"line":15,"column":295}},{"start":{"line":15,"column":298},"end":{"line":15,"column":315}}],"line":15},"2":{"loc":{"start":{"line":16,"column":53},"end":{"line":16,"column":111}},"type":"if","locations":[{"start":{"line":16,"column":53},"end":{"line":16,"column":111}},{"start":{"line":16,"column":53},"end":{"line":16,"column":111}}],"line":16},"3":{"loc":{"start":{"line":16,"column":57},"end":{"line":16,"column":94}},"type":"binary-expr","locations":[{"start":{"line":16,"column":57},"end":{"line":16,"column":69}},{"start":{"line":16,"column":73},"end":{"line":16,"column":76}},{"start":{"line":16,"column":80},"end":{"line":16,"column":94}}],"line":16},"4":{"loc":{"start":{"line":16,"column":112},"end":{"line":16,"column":218}},"type":"if","locations":[{"start":{"line":16,"column":112},"end":{"line":16,"column":218}},{"start":{"line":16,"column":112},"end":{"line":16,"column":218}}],"line":16},"5":{"loc":{"start":{"line":16,"column":116},"end":{"line":16,"column":186}},"type":"binary-expr","locations":[{"start":{"line":16,"column":116},"end":{"line":16,"column":128}},{"start":{"line":16,"column":132},"end":{"line":16,"column":157}},{"start":{"line":16,"column":161},"end":{"line":16,"column":186}}],"line":16},"6":{"loc":{"start":{"line":16,"column":270},"end":{"line":16,"column":325}},"type":"if","locations":[{"start":{"line":16,"column":270},"end":{"line":16,"column":325}},{"start":{"line":16,"column":270},"end":{"line":16,"column":325}}],"line":16},"7":{"loc":{"start":{"line":16,"column":274},"end":{"line":16,"column":297}},"type":"binary-expr","locations":[{"start":{"line":16,"column":274},"end":{"line":16,"column":279}},{"start":{"line":16,"column":283},"end":{"line":16,"column":297}}],"line":16},"8":{"loc":{"start":{"line":16,"column":371},"end":{"line":16,"column":427}},"type":"binary-expr","locations":[{"start":{"line":16,"column":371},"end":{"line":16,"column":392}},{"start":{"line":16,"column":396},"end":{"line":16,"column":427}}],"line":16},"9":{"loc":{"start":{"line":16,"column":452},"end":{"line":16,"column":728}},"type":"if","locations":[{"start":{"line":16,"column":452},"end":{"line":16,"column":728}},{"start":{"line":16,"column":452},"end":{"line":16,"column":728}}],"line":16},"10":{"loc":{"start":{"line":16,"column":456},"end":{"line":16,"column":523}},"type":"binary-expr","locations":[{"start":{"line":16,"column":456},"end":{"line":16,"column":473}},{"start":{"line":16,"column":477},"end":{"line":16,"column":523}}],"line":16},"11":{"loc":{"start":{"line":16,"column":538},"end":{"line":16,"column":610}},"type":"cond-expr","locations":[{"start":{"line":16,"column":562},"end":{"line":16,"column":603}},{"start":{"line":16,"column":606},"end":{"line":16,"column":610}}],"line":16},"12":{"loc":{"start":{"line":16,"column":612},"end":{"line":16,"column":726}},"type":"if","locations":[{"start":{"line":16,"column":612},"end":{"line":16,"column":726}},{"start":{"line":16,"column":612},"end":{"line":16,"column":726}}],"line":16},"13":{"loc":{"start":{"line":16,"column":616},"end":{"line":16,"column":646}},"type":"binary-expr","locations":[{"start":{"line":16,"column":616},"end":{"line":16,"column":620}},{"start":{"line":16,"column":625},"end":{"line":16,"column":633}},{"start":{"line":16,"column":637},"end":{"line":16,"column":645}}],"line":16},"14":{"loc":{"start":{"line":16,"column":756},"end":{"line":16,"column":794}},"type":"if","locations":[{"start":{"line":16,"column":756},"end":{"line":16,"column":794}},{"start":{"line":16,"column":756},"end":{"line":16,"column":794}}],"line":16},"15":{"loc":{"start":{"line":17,"column":46},"end":{"line":17,"column":94}},"type":"cond-expr","locations":[{"start":{"line":17,"column":70},"end":{"line":17,"column":73}},{"start":{"line":17,"column":76},"end":{"line":17,"column":94}}],"line":17},"16":{"loc":{"start":{"line":17,"column":46},"end":{"line":17,"column":67}},"type":"binary-expr","locations":[{"start":{"line":17,"column":46},"end":{"line":17,"column":49}},{"start":{"line":17,"column":53},"end":{"line":17,"column":67}}],"line":17},"17":{"loc":{"start":{"line":18,"column":68},"end":{"line":18,"column":319}},"type":"cond-expr","locations":[{"start":{"line":18,"column":136},"end":{"line":18,"column":173}},{"start":{"line":18,"column":176},"end":{"line":18,"column":319}}],"line":18},"18":{"loc":{"start":{"line":18,"column":68},"end":{"line":18,"column":133}},"type":"binary-expr","locations":[{"start":{"line":18,"column":68},"end":{"line":18,"column":95}},{"start":{"line":18,"column":99},"end":{"line":18,"column":133}}],"line":18},"19":{"loc":{"start":{"line":18,"column":200},"end":{"line":18,"column":316}},"type":"cond-expr","locations":[{"start":{"line":18,"column":295},"end":{"line":18,"column":303}},{"start":{"line":18,"column":306},"end":{"line":18,"column":316}}],"line":18},"20":{"loc":{"start":{"line":18,"column":200},"end":{"line":18,"column":292}},"type":"binary-expr","locations":[{"start":{"line":18,"column":200},"end":{"line":18,"column":203}},{"start":{"line":18,"column":207},"end":{"line":18,"column":234}},{"start":{"line":18,"column":238},"end":{"line":18,"column":264}},{"start":{"line":18,"column":268},"end":{"line":18,"column":292}}],"line":18},"21":{"loc":{"start":{"line":19,"column":356},"end":{"line":19,"column":433}},"type":"binary-expr","locations":[{"start":{"line":19,"column":356},"end":{"line":19,"column":377}},{"start":{"line":19,"column":381},"end":{"line":19,"column":433}}],"line":19},"22":{"loc":{"start":{"line":19,"column":445},"end":{"line":19,"column":486}},"type":"cond-expr","locations":[{"start":{"line":19,"column":475},"end":{"line":19,"column":481}},{"start":{"line":19,"column":484},"end":{"line":19,"column":486}}],"line":19},"23":{"loc":{"start":{"line":19,"column":505},"end":{"line":19,"column":537}},"type":"binary-expr","locations":[{"start":{"line":19,"column":505},"end":{"line":19,"column":521}},{"start":{"line":19,"column":525},"end":{"line":19,"column":537}}],"line":19},"24":{"loc":{"start":{"line":19,"column":561},"end":{"line":19,"column":603}},"type":"binary-expr","locations":[{"start":{"line":19,"column":561},"end":{"line":19,"column":582}},{"start":{"line":19,"column":586},"end":{"line":19,"column":603}}],"line":19},"25":{"loc":{"start":{"line":19,"column":625},"end":{"line":19,"column":663}},"type":"binary-expr","locations":[{"start":{"line":19,"column":625},"end":{"line":19,"column":644}},{"start":{"line":19,"column":648},"end":{"line":19,"column":663}}],"line":19},"26":{"loc":{"start":{"line":19,"column":1004},"end":{"line":19,"column":1075}},"type":"cond-expr","locations":[{"start":{"line":19,"column":1056},"end":{"line":19,"column":1063}},{"start":{"line":19,"column":1066},"end":{"line":19,"column":1075}}],"line":19},"27":{"loc":{"start":{"line":19,"column":1004},"end":{"line":19,"column":1053}},"type":"binary-expr","locations":[{"start":{"line":19,"column":1004},"end":{"line":19,"column":1011}},{"start":{"line":19,"column":1015},"end":{"line":19,"column":1053}}],"line":19},"28":{"loc":{"start":{"line":19,"column":1152},"end":{"line":19,"column":1169}},"type":"binary-expr","locations":[{"start":{"line":19,"column":1152},"end":{"line":19,"column":1163}},{"start":{"line":19,"column":1167},"end":{"line":19,"column":1169}}],"line":19},"29":{"loc":{"start":{"line":19,"column":1740},"end":{"line":19,"column":1782}},"type":"binary-expr","locations":[{"start":{"line":19,"column":1740},"end":{"line":19,"column":1748}},{"start":{"line":19,"column":1752},"end":{"line":19,"column":1782}}],"line":19},"30":{"loc":{"start":{"line":19,"column":1784},"end":{"line":19,"column":1946}},"type":"binary-expr","locations":[{"start":{"line":19,"column":1784},"end":{"line":19,"column":1807}},{"start":{"line":19,"column":1811},"end":{"line":19,"column":1841}},{"start":{"line":19,"column":1845},"end":{"line":19,"column":1897}},{"start":{"line":19,"column":1902},"end":{"line":19,"column":1945}}],"line":19},"31":{"loc":{"start":{"line":19,"column":2394},"end":{"line":19,"column":2886}},"type":"if","locations":[{"start":{"line":19,"column":2394},"end":{"line":19,"column":2886}},{"start":{"line":19,"column":2394},"end":{"line":19,"column":2886}}],"line":19},"32":{"loc":{"start":{"line":19,"column":2479},"end":{"line":19,"column":2883}},"type":"cond-expr","locations":[{"start":{"line":19,"column":2550},"end":{"line":19,"column":2710}},{"start":{"line":19,"column":2713},"end":{"line":19,"column":2883}}],"line":19},"33":{"loc":{"start":{"line":19,"column":2479},"end":{"line":19,"column":2547}},"type":"binary-expr","locations":[{"start":{"line":19,"column":2479},"end":{"line":19,"column":2484}},{"start":{"line":19,"column":2488},"end":{"line":19,"column":2514}},{"start":{"line":19,"column":2518},"end":{"line":19,"column":2547}}],"line":19},"34":{"loc":{"start":{"line":19,"column":3162},"end":{"line":19,"column":3287}},"type":"cond-expr","locations":[{"start":{"line":19,"column":3180},"end":{"line":19,"column":3256}},{"start":{"line":19,"column":3259},"end":{"line":19,"column":3287}}],"line":19},"35":{"loc":{"start":{"line":19,"column":3411},"end":{"line":19,"column":3486}},"type":"if","locations":[{"start":{"line":19,"column":3411},"end":{"line":19,"column":3486}},{"start":{"line":19,"column":3411},"end":{"line":19,"column":3486}}],"line":19},"36":{"loc":{"start":{"line":19,"column":3487},"end":{"line":19,"column":3573}},"type":"if","locations":[{"start":{"line":19,"column":3487},"end":{"line":19,"column":3573}},{"start":{"line":19,"column":3487},"end":{"line":19,"column":3573}}],"line":19},"37":{"loc":{"start":{"line":19,"column":3516},"end":{"line":19,"column":3550}},"type":"if","locations":[{"start":{"line":19,"column":3516},"end":{"line":19,"column":3550}},{"start":{"line":19,"column":3516},"end":{"line":19,"column":3550}}],"line":19},"38":{"loc":{"start":{"line":19,"column":3660},"end":{"line":19,"column":3836}},"type":"if","locations":[{"start":{"line":19,"column":3660},"end":{"line":19,"column":3836}},{"start":{"line":19,"column":3660},"end":{"line":19,"column":3836}}],"line":19},"39":{"loc":{"start":{"line":19,"column":3737},"end":{"line":19,"column":3834}},"type":"if","locations":[{"start":{"line":19,"column":3737},"end":{"line":19,"column":3834}},{"start":{"line":19,"column":3737},"end":{"line":19,"column":3834}}],"line":19},"40":{"loc":{"start":{"line":19,"column":3759},"end":{"line":19,"column":3809}},"type":"if","locations":[{"start":{"line":19,"column":3759},"end":{"line":19,"column":3809}},{"start":{"line":19,"column":3759},"end":{"line":19,"column":3809}}],"line":19},"41":{"loc":{"start":{"line":19,"column":3837},"end":{"line":19,"column":4138}},"type":"if","locations":[{"start":{"line":19,"column":3837},"end":{"line":19,"column":4138}},{"start":{"line":19,"column":3837},"end":{"line":19,"column":4138}}],"line":19},"42":{"loc":{"start":{"line":19,"column":3916},"end":{"line":19,"column":4138}},"type":"if","locations":[{"start":{"line":19,"column":3916},"end":{"line":19,"column":4138}},{"start":{"line":19,"column":3916},"end":{"line":19,"column":4138}}],"line":19},"43":{"loc":{"start":{"line":19,"column":3950},"end":{"line":19,"column":4021}},"type":"if","locations":[{"start":{"line":19,"column":3950},"end":{"line":19,"column":4021}},{"start":{"line":19,"column":3950},"end":{"line":19,"column":4021}}],"line":19},"44":{"loc":{"start":{"line":19,"column":4069},"end":{"line":19,"column":4137}},"type":"binary-expr","locations":[{"start":{"line":19,"column":4069},"end":{"line":19,"column":4096}},{"start":{"line":19,"column":4100},"end":{"line":19,"column":4137}}],"line":19},"45":{"loc":{"start":{"line":19,"column":4207},"end":{"line":19,"column":4392}},"type":"if","locations":[{"start":{"line":19,"column":4207},"end":{"line":19,"column":4392}},{"start":{"line":19,"column":4207},"end":{"line":19,"column":4392}}],"line":19},"46":{"loc":{"start":{"line":19,"column":4239},"end":{"line":19,"column":4340}},"type":"if","locations":[{"start":{"line":19,"column":4239},"end":{"line":19,"column":4340}},{"start":{"line":19,"column":4239},"end":{"line":19,"column":4340}}],"line":19},"47":{"loc":{"start":{"line":19,"column":4251},"end":{"line":19,"column":4296}},"type":"cond-expr","locations":[{"start":{"line":19,"column":4266},"end":{"line":19,"column":4277}},{"start":{"line":19,"column":4280},"end":{"line":19,"column":4296}}],"line":19},"48":{"loc":{"start":{"line":19,"column":4393},"end":{"line":19,"column":4493}},"type":"binary-expr","locations":[{"start":{"line":19,"column":4393},"end":{"line":19,"column":4416}},{"start":{"line":19,"column":4421},"end":{"line":19,"column":4492}}],"line":19},"49":{"loc":{"start":{"line":19,"column":4625},"end":{"line":19,"column":5028}},"type":"if","locations":[{"start":{"line":19,"column":4625},"end":{"line":19,"column":5028}},{"start":{"line":19,"column":4625},"end":{"line":19,"column":5028}}],"line":19},"50":{"loc":{"start":{"line":19,"column":4683},"end":{"line":19,"column":5009}},"type":"binary-expr","locations":[{"start":{"line":19,"column":4683},"end":{"line":19,"column":4705}},{"start":{"line":19,"column":4709},"end":{"line":19,"column":4736}},{"start":{"line":19,"column":4741},"end":{"line":19,"column":4859}},{"start":{"line":19,"column":4864},"end":{"line":19,"column":4887}},{"start":{"line":19,"column":4892},"end":{"line":19,"column":5008}}],"line":19},"51":{"loc":{"start":{"line":19,"column":5092},"end":{"line":19,"column":5222}},"type":"if","locations":[{"start":{"line":19,"column":5092},"end":{"line":19,"column":5222}},{"start":{"line":19,"column":5092},"end":{"line":19,"column":5222}}],"line":19},"52":{"loc":{"start":{"line":19,"column":5253},"end":{"line":19,"column":5618}},"type":"cond-expr","locations":[{"start":{"line":19,"column":5260},"end":{"line":19,"column":5481}},{"start":{"line":19,"column":5485},"end":{"line":19,"column":5617}}],"line":19},"53":{"loc":{"start":{"line":19,"column":5260},"end":{"line":19,"column":5481}},"type":"cond-expr","locations":[{"start":{"line":19,"column":5273},"end":{"line":19,"column":5473}},{"start":{"line":19,"column":5477},"end":{"line":19,"column":5481}}],"line":19},"54":{"loc":{"start":{"line":19,"column":5349},"end":{"line":19,"column":5430}},"type":"binary-expr","locations":[{"start":{"line":19,"column":5349},"end":{"line":19,"column":5376}},{"start":{"line":19,"column":5381},"end":{"line":19,"column":5429}}],"line":19},"55":{"loc":{"start":{"line":19,"column":5685},"end":{"line":19,"column":5724}},"type":"binary-expr","locations":[{"start":{"line":19,"column":5685},"end":{"line":19,"column":5694}},{"start":{"line":19,"column":5699},"end":{"line":19,"column":5723}}],"line":19},"56":{"loc":{"start":{"line":19,"column":5726},"end":{"line":19,"column":5793}},"type":"binary-expr","locations":[{"start":{"line":19,"column":5726},"end":{"line":19,"column":5735}},{"start":{"line":19,"column":5740},"end":{"line":19,"column":5792}}],"line":19},"57":{"loc":{"start":{"line":19,"column":5871},"end":{"line":19,"column":5893}},"type":"binary-expr","locations":[{"start":{"line":19,"column":5871},"end":{"line":19,"column":5887}},{"start":{"line":19,"column":5891},"end":{"line":19,"column":5893}}],"line":19},"58":{"loc":{"start":{"line":19,"column":6126},"end":{"line":19,"column":6572}},"type":"if","locations":[{"start":{"line":19,"column":6126},"end":{"line":19,"column":6572}},{"start":{"line":19,"column":6126},"end":{"line":19,"column":6572}}],"line":19},"59":{"loc":{"start":{"line":19,"column":6189},"end":{"line":19,"column":6246}},"type":"if","locations":[{"start":{"line":19,"column":6189},"end":{"line":19,"column":6246}},{"start":{"line":19,"column":6189},"end":{"line":19,"column":6246}}],"line":19},"60":{"loc":{"start":{"line":19,"column":6247},"end":{"line":19,"column":6303}},"type":"if","locations":[{"start":{"line":19,"column":6247},"end":{"line":19,"column":6303}},{"start":{"line":19,"column":6247},"end":{"line":19,"column":6303}}],"line":19},"61":{"loc":{"start":{"line":19,"column":6304},"end":{"line":19,"column":6570}},"type":"if","locations":[{"start":{"line":19,"column":6304},"end":{"line":19,"column":6570}},{"start":{"line":19,"column":6304},"end":{"line":19,"column":6570}}],"line":19},"62":{"loc":{"start":{"line":19,"column":6403},"end":{"line":19,"column":6487}},"type":"if","locations":[{"start":{"line":19,"column":6403},"end":{"line":19,"column":6487}},{"start":{"line":19,"column":6403},"end":{"line":19,"column":6487}}],"line":19},"63":{"loc":{"start":{"line":19,"column":7102},"end":{"line":19,"column":7151}},"type":"binary-expr","locations":[{"start":{"line":19,"column":7102},"end":{"line":19,"column":7129}},{"start":{"line":19,"column":7133},"end":{"line":19,"column":7151}}],"line":19},"64":{"loc":{"start":{"line":19,"column":7160},"end":{"line":19,"column":7257}},"type":"binary-expr","locations":[{"start":{"line":19,"column":7160},"end":{"line":19,"column":7166}},{"start":{"line":19,"column":7171},"end":{"line":19,"column":7197}},{"start":{"line":19,"column":7201},"end":{"line":19,"column":7256}}],"line":19},"65":{"loc":{"start":{"line":19,"column":7226},"end":{"line":19,"column":7255}},"type":"binary-expr","locations":[{"start":{"line":19,"column":7226},"end":{"line":19,"column":7242}},{"start":{"line":19,"column":7246},"end":{"line":19,"column":7255}}],"line":19},"66":{"loc":{"start":{"line":19,"column":7304},"end":{"line":19,"column":7491}},"type":"cond-expr","locations":[{"start":{"line":19,"column":7328},"end":{"line":19,"column":7385}},{"start":{"line":19,"column":7389},"end":{"line":19,"column":7490}}],"line":19},"67":{"loc":{"start":{"line":19,"column":7852},"end":{"line":19,"column":7901}},"type":"binary-expr","locations":[{"start":{"line":19,"column":7852},"end":{"line":19,"column":7874}},{"start":{"line":19,"column":7879},"end":{"line":19,"column":7900}}],"line":19},"68":{"loc":{"start":{"line":19,"column":7996},"end":{"line":19,"column":8130}},"type":"cond-expr","locations":[{"start":{"line":19,"column":8035},"end":{"line":19,"column":8039}},{"start":{"line":19,"column":8042},"end":{"line":19,"column":8130}}],"line":19},"69":{"loc":{"start":{"line":19,"column":8086},"end":{"line":19,"column":8126}},"type":"cond-expr","locations":[{"start":{"line":19,"column":8100},"end":{"line":19,"column":8112}},{"start":{"line":19,"column":8115},"end":{"line":19,"column":8126}}],"line":19},"70":{"loc":{"start":{"line":19,"column":8529},"end":{"line":19,"column":8594}},"type":"if","locations":[{"start":{"line":19,"column":8529},"end":{"line":19,"column":8594}},{"start":{"line":19,"column":8529},"end":{"line":19,"column":8594}}],"line":19},"71":{"loc":{"start":{"line":19,"column":8740},"end":{"line":19,"column":9075}},"type":"if","locations":[{"start":{"line":19,"column":8740},"end":{"line":19,"column":9075}},{"start":{"line":19,"column":8740},"end":{"line":19,"column":9075}}],"line":19},"72":{"loc":{"start":{"line":19,"column":8971},"end":{"line":19,"column":9074}},"type":"binary-expr","locations":[{"start":{"line":19,"column":8971},"end":{"line":19,"column":8993}},{"start":{"line":19,"column":8997},"end":{"line":19,"column":9020}},{"start":{"line":19,"column":9024},"end":{"line":19,"column":9046}},{"start":{"line":19,"column":9051},"end":{"line":19,"column":9073}}],"line":19},"73":{"loc":{"start":{"line":19,"column":9167},"end":{"line":19,"column":9221}},"type":"if","locations":[{"start":{"line":19,"column":9167},"end":{"line":19,"column":9221}},{"start":{"line":19,"column":9167},"end":{"line":19,"column":9221}}],"line":19},"74":{"loc":{"start":{"line":19,"column":9302},"end":{"line":19,"column":9333}},"type":"if","locations":[{"start":{"line":19,"column":9302},"end":{"line":19,"column":9333}},{"start":{"line":19,"column":9302},"end":{"line":19,"column":9333}}],"line":19},"75":{"loc":{"start":{"line":19,"column":9459},"end":{"line":19,"column":9519}},"type":"binary-expr","locations":[{"start":{"line":19,"column":9459},"end":{"line":19,"column":9465}},{"start":{"line":19,"column":9470},"end":{"line":19,"column":9518}}],"line":19},"76":{"loc":{"start":{"line":19,"column":9648},"end":{"line":19,"column":9698}},"type":"if","locations":[{"start":{"line":19,"column":9648},"end":{"line":19,"column":9698}},{"start":{"line":19,"column":9648},"end":{"line":19,"column":9698}}],"line":19},"77":{"loc":{"start":{"line":19,"column":9699},"end":{"line":19,"column":10235}},"type":"if","locations":[{"start":{"line":19,"column":9699},"end":{"line":19,"column":10235}},{"start":{"line":19,"column":9699},"end":{"line":19,"column":10235}}],"line":19},"78":{"loc":{"start":{"line":19,"column":9826},"end":{"line":19,"column":10233}},"type":"if","locations":[{"start":{"line":19,"column":9826},"end":{"line":19,"column":10233}},{"start":{"line":19,"column":9826},"end":{"line":19,"column":10233}}],"line":19},"79":{"loc":{"start":{"line":19,"column":9830},"end":{"line":19,"column":9852}},"type":"binary-expr","locations":[{"start":{"line":19,"column":9830},"end":{"line":19,"column":9838}},{"start":{"line":19,"column":9842},"end":{"line":19,"column":9852}}],"line":19},"80":{"loc":{"start":{"line":19,"column":9856},"end":{"line":19,"column":9922}},"type":"if","locations":[{"start":{"line":19,"column":9856},"end":{"line":19,"column":9922}},{"start":{"line":19,"column":9856},"end":{"line":19,"column":9922}}],"line":19},"81":{"loc":{"start":{"line":19,"column":9923},"end":{"line":19,"column":9989}},"type":"if","locations":[{"start":{"line":19,"column":9923},"end":{"line":19,"column":9989}},{"start":{"line":19,"column":9923},"end":{"line":19,"column":9989}}],"line":19},"82":{"loc":{"start":{"line":19,"column":9997},"end":{"line":19,"column":10233}},"type":"if","locations":[{"start":{"line":19,"column":9997},"end":{"line":19,"column":10233}},{"start":{"line":19,"column":9997},"end":{"line":19,"column":10233}}],"line":19},"83":{"loc":{"start":{"line":19,"column":10013},"end":{"line":19,"column":10079}},"type":"if","locations":[{"start":{"line":19,"column":10013},"end":{"line":19,"column":10079}},{"start":{"line":19,"column":10013},"end":{"line":19,"column":10079}}],"line":19},"84":{"loc":{"start":{"line":19,"column":10089},"end":{"line":19,"column":10164}},"type":"if","locations":[{"start":{"line":19,"column":10089},"end":{"line":19,"column":10164}},{"start":{"line":19,"column":10089},"end":{"line":19,"column":10164}}],"line":19},"85":{"loc":{"start":{"line":19,"column":10165},"end":{"line":19,"column":10231}},"type":"if","locations":[{"start":{"line":19,"column":10165},"end":{"line":19,"column":10231}},{"start":{"line":19,"column":10165},"end":{"line":19,"column":10231}}],"line":19},"86":{"loc":{"start":{"line":19,"column":10366},"end":{"line":19,"column":10501}},"type":"if","locations":[{"start":{"line":19,"column":10366},"end":{"line":19,"column":10501}},{"start":{"line":19,"column":10366},"end":{"line":19,"column":10501}}],"line":19},"87":{"loc":{"start":{"line":19,"column":10370},"end":{"line":19,"column":10463}},"type":"binary-expr","locations":[{"start":{"line":19,"column":10370},"end":{"line":19,"column":10395}},{"start":{"line":19,"column":10399},"end":{"line":19,"column":10431}},{"start":{"line":19,"column":10435},"end":{"line":19,"column":10463}}],"line":19},"88":{"loc":{"start":{"line":19,"column":10504},"end":{"line":19,"column":10650}},"type":"binary-expr","locations":[{"start":{"line":19,"column":10504},"end":{"line":19,"column":10516}},{"start":{"line":19,"column":10521},"end":{"line":19,"column":10537}},{"start":{"line":19,"column":10541},"end":{"line":19,"column":10560}},{"start":{"line":19,"column":10565},"end":{"line":19,"column":10591}},{"start":{"line":19,"column":10595},"end":{"line":19,"column":10625}},{"start":{"line":19,"column":10630},"end":{"line":19,"column":10649}}],"line":19},"89":{"loc":{"start":{"line":19,"column":10665},"end":{"line":19,"column":10708}},"type":"cond-expr","locations":[{"start":{"line":19,"column":10680},"end":{"line":19,"column":10703}},{"start":{"line":19,"column":10706},"end":{"line":19,"column":10708}}],"line":19},"90":{"loc":{"start":{"line":19,"column":10755},"end":{"line":19,"column":10871}},"type":"cond-expr","locations":[{"start":{"line":19,"column":10771},"end":{"line":19,"column":10846}},{"start":{"line":19,"column":10850},"end":{"line":19,"column":10871}}],"line":19},"91":{"loc":{"start":{"line":19,"column":10924},"end":{"line":19,"column":10970}},"type":"if","locations":[{"start":{"line":19,"column":10924},"end":{"line":19,"column":10970}},{"start":{"line":19,"column":10924},"end":{"line":19,"column":10970}}],"line":19},"92":{"loc":{"start":{"line":19,"column":10978},"end":{"line":19,"column":11229}},"type":"cond-expr","locations":[{"start":{"line":19,"column":11034},"end":{"line":19,"column":11056}},{"start":{"line":19,"column":11059},"end":{"line":19,"column":11229}}],"line":19},"93":{"loc":{"start":{"line":19,"column":10978},"end":{"line":19,"column":11031}},"type":"binary-expr","locations":[{"start":{"line":19,"column":10978},"end":{"line":19,"column":11001}},{"start":{"line":19,"column":11005},"end":{"line":19,"column":11031}}],"line":19},"94":{"loc":{"start":{"line":19,"column":11059},"end":{"line":19,"column":11229}},"type":"cond-expr","locations":[{"start":{"line":19,"column":11087},"end":{"line":19,"column":11163}},{"start":{"line":19,"column":11167},"end":{"line":19,"column":11229}}],"line":19},"95":{"loc":{"start":{"line":19,"column":11167},"end":{"line":19,"column":11229}},"type":"binary-expr","locations":[{"start":{"line":19,"column":11167},"end":{"line":19,"column":11191}},{"start":{"line":19,"column":11195},"end":{"line":19,"column":11203}},{"start":{"line":19,"column":11208},"end":{"line":19,"column":11228}}],"line":19},"96":{"loc":{"start":{"line":19,"column":11378},"end":{"line":19,"column":11510}},"type":"if","locations":[{"start":{"line":19,"column":11378},"end":{"line":19,"column":11510}},{"start":{"line":19,"column":11378},"end":{"line":19,"column":11510}}],"line":19},"97":{"loc":{"start":{"line":19,"column":11639},"end":{"line":19,"column":11797}},"type":"if","locations":[{"start":{"line":19,"column":11639},"end":{"line":19,"column":11797}},{"start":{"line":19,"column":11639},"end":{"line":19,"column":11797}}],"line":19},"98":{"loc":{"start":{"line":19,"column":11701},"end":{"line":19,"column":11780}},"type":"if","locations":[{"start":{"line":19,"column":11701},"end":{"line":19,"column":11780}},{"start":{"line":19,"column":11701},"end":{"line":19,"column":11780}}],"line":19},"99":{"loc":{"start":{"line":19,"column":12013},"end":{"line":19,"column":12061}},"type":"binary-expr","locations":[{"start":{"line":19,"column":12013},"end":{"line":19,"column":12035}},{"start":{"line":19,"column":12040},"end":{"line":19,"column":12060}}],"line":19},"100":{"loc":{"start":{"line":20,"column":176},"end":{"line":20,"column":263}},"type":"if","locations":[{"start":{"line":20,"column":176},"end":{"line":20,"column":263}},{"start":{"line":20,"column":176},"end":{"line":20,"column":263}}],"line":20},"101":{"loc":{"start":{"line":38,"column":16},"end":{"line":53,"column":7}},"type":"switch","locations":[{"start":{"line":39,"column":8},"end":{"line":42,"column":115}},{"start":{"line":43,"column":8},"end":{"line":45,"column":16}},{"start":{"line":46,"column":8},"end":{"line":49,"column":37}},{"start":{"line":50,"column":8},"end":{"line":50,"column":15}},{"start":{"line":51,"column":8},"end":{"line":52,"column":33}}],"line":38}},"s":{"0":1,"1":1,"2":1,"3":1,"4":1,"5":1,"6":1,"7":1,"8":1,"9":1,"10":1,"11":1,"12":1,"13":0,"14":1,"15":1,"16":1,"17":1,"18":1,"19":0,"20":1,"21":0,"22":1,"23":1,"24":0,"25":1,"26":1,"27":1,"28":2,"29":2,"30":2,"31":0,"32":2,"33":1,"34":1,"35":1,"36":1,"37":11,"38":1,"39":1,"40":0,"41":1,"42":1,"43":1,"44":1,"45":1,"46":1,"47":0,"48":1,"49":1,"50":1,"51":1,"52":13,"53":1,"54":1,"55":0,"56":0,"57":1,"58":1,"59":1,"60":1,"61":1,"62":1,"63":0,"64":1,"65":1,"66":1,"67":1,"68":0,"69":1,"70":1,"71":1,"72":1,"73":2,"74":6,"75":1,"76":0,"77":0,"78":0,"79":0,"80":0,"81":0,"82":0,"83":0,"84":0,"85":0,"86":0,"87":0,"88":0,"89":0,"90":1,"91":1,"92":1,"93":0,"94":1,"95":0,"96":0,"97":0,"98":1,"99":1,"100":1,"101":0,"102":0,"103":0,"104":0,"105":0,"106":1,"107":1,"108":0,"109":0,"110":0,"111":0,"112":0,"113":1,"114":1,"115":1,"116":1,"117":0,"118":1,"119":0,"120":0,"121":0,"122":0,"123":0,"124":0,"125":0,"126":0,"127":0,"128":0,"129":1,"130":1,"131":2,"132":2,"133":1,"134":1,"135":1,"136":1,"137":1,"138":0,"139":0,"140":0,"141":0,"142":0,"143":0,"144":0,"145":0,"146":0,"147":0,"148":0,"149":0,"150":1,"151":0,"152":0,"153":1,"154":0,"155":0,"156":0,"157":0,"158":0,"159":0,"160":0,"161":0,"162":0,"163":0,"164":0,"165":0,"166":0,"167":0,"168":0,"169":0,"170":0,"171":0,"172":1,"173":0,"174":0,"175":0,"176":0,"177":0,"178":0,"179":0,"180":0,"181":0,"182":0,"183":0,"184":0,"185":0,"186":0,"187":0,"188":0,"189":0,"190":0,"191":0,"192":0,"193":0,"194":0,"195":0,"196":0,"197":0,"198":0,"199":0,"200":0,"201":0,"202":0,"203":0,"204":0,"205":0,"206":0,"207":0,"208":0,"209":0,"210":0,"211":0,"212":0,"213":0,"214":0,"215":0,"216":0,"217":0,"218":0,"219":0,"220":0,"221":0,"222":0,"223":0,"224":0,"225":0,"226":0,"227":0,"228":0,"229":0,"230":0,"231":0,"232":0,"233":1,"234":1,"235":1,"236":0,"237":0,"238":1,"239":0,"240":1,"241":1,"242":1,"243":1,"244":1,"245":1,"246":1,"247":0,"248":1,"249":1,"250":1,"251":1,"252":1,"253":1,"254":1,"255":1,"256":1,"257":1,"258":1,"259":1,"260":1,"261":1,"262":1,"263":1,"264":1,"265":0,"266":0,"267":0,"268":0,"269":0,"270":0,"271":1,"272":1,"273":1,"274":1,"275":1,"276":1,"277":1,"278":1,"279":1,"280":1},"f":{"0":1,"1":1,"2":1,"3":11,"4":1,"5":1,"6":0,"7":1,"8":1,"9":0,"10":13,"11":0,"12":1,"13":1,"14":0,"15":0,"16":0,"17":0,"18":2,"19":6,"20":1,"21":0,"22":0,"23":0,"24":0,"25":0,"26":0,"27":0,"28":0,"29":0,"30":1,"31":1,"32":0,"33":1,"34":2,"35":1,"36":1,"37":0,"38":0,"39":0,"40":1,"41":0,"42":0,"43":0,"44":0,"45":0,"46":0,"47":0,"48":0,"49":1,"50":0,"51":0,"52":0,"53":0,"54":0,"55":0,"56":0,"57":0,"58":1,"59":1,"60":1,"61":1,"62":1,"63":0,"64":1,"65":1,"66":1,"67":1,"68":1},"b":{"0":[0,1],"1":[0,1],"2":[0,1],"3":[1,1,1],"4":[0,1],"5":[1,1,0],"6":[0,1],"7":[1,1],"8":[1,1],"9":[2,0],"10":[2,2],"11":[2,0],"12":[0,2],"13":[2,2,2],"14":[1,0],"15":[0,11],"16":[11,11],"17":[1,0],"18":[1,1],"19":[0,0],"20":[0,0,0,0],"21":[1,0],"22":[1,0],"23":[1,0],"24":[1,0],"25":[1,0],"26":[1,0],"27":[1,1],"28":[1,0],"29":[1,1],"30":[1,1,1,1],"31":[0,0],"32":[0,0],"33":[0,0,0],"34":[0,0],"35":[0,1],"36":[0,1],"37":[0,0],"38":[0,1],"39":[0,0],"40":[0,0],"41":[1,0],"42":[0,0],"43":[0,0],"44":[0,0],"45":[1,0],"46":[0,1],"47":[0,1],"48":[0,0],"49":[0,0],"50":[0,0,0,0,0],"51":[0,0],"52":[0,0],"53":[0,0],"54":[0,0],"55":[1,1],"56":[1,0],"57":[2,2],"58":[1,0],"59":[1,0],"60":[0,0],"61":[0,0],"62":[0,0],"63":[0,0],"64":[0,0,0],"65":[0,0],"66":[1,0],"67":[0,0],"68":[0,0],"69":[0,0],"70":[0,0],"71":[0,1],"72":[0,0,0,0],"73":[0,0],"74":[0,0],"75":[0,0],"76":[0,0],"77":[0,0],"78":[0,0],"79":[0,0],"80":[0,0],"81":[0,0],"82":[0,0],"83":[0,0],"84":[0,0],"85":[0,0],"86":[0,0],"87":[0,0,0],"88":[0,0,0,0,0,0],"89":[0,0],"90":[0,0],"91":[0,0],"92":[0,0],"93":[0,0],"94":[0,0],"95":[0,0,0],"96":[0,0],"97":[0,0],"98":[0,0],"99":[0,0],"100":[0,1],"101":[1,0,0,0,0]},"inputSourceMap":{"version":3,"names":["specs","swaggerJSDoc","options","app","express","dotenv","config","port","process","env","PORT","use","cors","origin","json","morgan","mongoose","set","connect","MONGO_URL_TESTS","then","console","log","error","SwaggerUI","serve","setup","MsgRouter","BlogRouter","UserRouter","CommentRouter","listen","module","exports"],"sourceRoot":"C:\\Users\\BIT COMPUTERS\\Documents\\web development\\capstone backend\\src\\","sources":["test.js"],"sourcesContent":["import express from \"express\";\r\nimport mongoose from \"mongoose\";\r\nimport dotenv from \"dotenv\";\r\nimport UserRouter from \"./routes/users\";\r\nimport BlogRouter from \"./routes/blogs\";\r\nimport MsgRouter from \"./routes/msg\";\r\nimport CommentRouter from \"./routes/comments\";\r\nimport cors from \"cors\";\r\nimport morgan from \"morgan\";\r\nimport SwaggerUI from \"swagger-ui-express\";\r\nimport swaggerJSDoc from \"swagger-jsdoc\";\r\nimport * as options  from \"./documentation/swagger\";\r\n\r\nconst specs = swaggerJSDoc(options);\r\nconst app = express();\r\ndotenv.config();\r\nconst port=process.env.PORT\r\n\r\napp.use(cors({ origin: '*' }));\r\napp.use(express.json());\r\napp.use(morgan(\"dev\"));\r\nmongoose.set('strictQuery', true);\r\n\r\n\r\nasync function connect() {\r\n  try {\r\n    await mongoose.connect(process.env.MONGO_URL_TESTS)\r\n    .then(console.log(\"database connected\"));\r\n  } catch (error) {\r\n    console.error(error);\r\n  }\r\n}\r\napp.use(\"/api-docs\", SwaggerUI.serve, SwaggerUI.setup(specs));\r\napp.use(\"/messages\", MsgRouter);\r\napp.use(\"/blogs\", BlogRouter);\r\napp.use(\"/auth\", UserRouter);\r\napp.use(\"/comments\", CommentRouter);\r\nconnect();\r\n\r\napp.listen(5000, () =>{\r\n  console.log(`server started on port 5000`);\r\n});\r\n\r\nmodule.exports = app;"],"mappings":";;AAAA;AACA;AACA;AACA;AACA;AACA;AACA;AACA;AACA;AACA;AACA;AACA;AAAoD;AAAA;AAAA;AAAA;AAAA,+CAVpD;AAAA;AAAA;AAYA,IAAMA,KAAK,GAAG,IAAAC,wBAAY,EAACC,OAAO,CAAC;AACnC,IAAMC,GAAG,GAAG,IAAAC,mBAAO,GAAE;AACrBC,kBAAM,CAACC,MAAM,EAAE;AACf,IAAMC,IAAI,GAACC,OAAO,CAACC,GAAG,CAACC,IAAI;AAE3BP,GAAG,CAACQ,GAAG,CAAC,IAAAC,gBAAI,EAAC;EAAEC,MAAM,EAAE;AAAI,CAAC,CAAC,CAAC;AAC9BV,GAAG,CAACQ,GAAG,CAACP,mBAAO,CAACU,IAAI,EAAE,CAAC;AACvBX,GAAG,CAACQ,GAAG,CAAC,IAAAI,kBAAM,EAAC,KAAK,CAAC,CAAC;AACtBC,oBAAQ,CAACC,GAAG,CAAC,aAAa,EAAE,IAAI,CAAC;AAAC,SAGnBC,OAAO;EAAA;AAAA;AAAA;EAAA,sEAAtB;IAAA;MAAA;QAAA;UAAA;UAAA;UAAA,OAEUF,oBAAQ,CAACE,OAAO,CAACV,OAAO,CAACC,GAAG,CAACU,eAAe,CAAC,CAClDC,IAAI,CAACC,OAAO,CAACC,GAAG,CAAC,oBAAoB,CAAC,CAAC;QAAA;UAAA;UAAA;QAAA;UAAA;UAAA;UAExCD,OAAO,CAACE,KAAK,aAAO;QAAC;QAAA;UAAA;MAAA;IAAA;EAAA,CAExB;EAAA;AAAA;AACDpB,GAAG,CAACQ,GAAG,CAAC,WAAW,EAAEa,4BAAS,CAACC,KAAK,EAAED,4BAAS,CAACE,KAAK,CAAC1B,KAAK,CAAC,CAAC;AAC7DG,GAAG,CAACQ,GAAG,CAAC,WAAW,EAAEgB,eAAS,CAAC;AAC/BxB,GAAG,CAACQ,GAAG,CAAC,QAAQ,EAAEiB,iBAAU,CAAC;AAC7BzB,GAAG,CAACQ,GAAG,CAAC,OAAO,EAAEkB,iBAAU,CAAC;AAC5B1B,GAAG,CAACQ,GAAG,CAAC,WAAW,EAAEmB,oBAAa,CAAC;AACnCZ,OAAO,EAAE;AAETf,GAAG,CAAC4B,MAAM,CAAC,IAAI,EAAE,YAAK;EACpBV,OAAO,CAACC,GAAG,+BAA+B;AAC5C,CAAC,CAAC;AAEFU,MAAM,CAACC,OAAO,GAAG9B,GAAG"},"_coverageSchema":"1a1c01bbd47fc00a2c39e90264f33305004495a9","hash":"3ee2daa6955580c41b053410d14e7f625b7834fc","contentHash":"ad44c2587292374b6ff9ecefb8aa57f7a267b0b2dcaacbe15142c5af728a1637"},"C:\\Users\\BIT COMPUTERS\\Documents\\web development\\capstone backend\\src\\routes\\users.js":{"path":"C:\\Users\\BIT COMPUTERS\\Documents\\web development\\capstone backend\\src\\routes\\users.js","statementMap":{"0":{"start":{"line":3,"column":51},"end":{"line":3,"column":334}},"1":{"start":{"line":3,"column":153},"end":{"line":3,"column":171}},"2":{"start":{"line":3,"column":193},"end":{"line":3,"column":317}},"3":{"start":{"line":4,"column":15},"end":{"line":4,"column":57}},"4":{"start":{"line":5,"column":13},"end":{"line":5,"column":62}},"5":{"start":{"line":6,"column":14},"end":{"line":6,"column":55}},"6":{"start":{"line":7,"column":20},"end":{"line":7,"column":67}},"7":{"start":{"line":8,"column":20},"end":{"line":8,"column":81}},"8":{"start":{"line":9,"column":39},"end":{"line":9,"column":95}},"9":{"start":{"line":10,"column":196},"end":{"line":10,"column":269}},"10":{"start":{"line":10,"column":251},"end":{"line":10,"column":266}},"11":{"start":{"line":10,"column":284},"end":{"line":10,"column":286}},"12":{"start":{"line":10,"column":293},"end":{"line":10,"column":309}},"13":{"start":{"line":10,"column":320},"end":{"line":10,"column":337}},"14":{"start":{"line":10,"column":356},"end":{"line":10,"column":433}},"15":{"start":{"line":10,"column":409},"end":{"line":10,"column":431}},"16":{"start":{"line":10,"column":445},"end":{"line":10,"column":486}},"17":{"start":{"line":10,"column":505},"end":{"line":10,"column":537}},"18":{"start":{"line":10,"column":561},"end":{"line":10,"column":603}},"19":{"start":{"line":10,"column":625},"end":{"line":10,"column":663}},"20":{"start":{"line":10,"column":700},"end":{"line":10,"column":815}},"21":{"start":{"line":10,"column":818},"end":{"line":10,"column":929}},"22":{"start":{"line":10,"column":824},"end":{"line":10,"column":839}},"23":{"start":{"line":10,"column":856},"end":{"line":10,"column":927}},"24":{"start":{"line":10,"column":900},"end":{"line":10,"column":924}},"25":{"start":{"line":10,"column":1004},"end":{"line":10,"column":1075}},"26":{"start":{"line":10,"column":1089},"end":{"line":10,"column":1128}},"27":{"start":{"line":10,"column":1140},"end":{"line":10,"column":1170}},"28":{"start":{"line":10,"column":1172},"end":{"line":10,"column":1280}},"29":{"start":{"line":10,"column":1317},"end":{"line":10,"column":1427}},"30":{"start":{"line":10,"column":1323},"end":{"line":10,"column":1373}},"31":{"start":{"line":10,"column":1390},"end":{"line":10,"column":1425}},"32":{"start":{"line":10,"column":1430},"end":{"line":10,"column":1450}},"33":{"start":{"line":10,"column":1474},"end":{"line":10,"column":1476}},"34":{"start":{"line":10,"column":1599},"end":{"line":10,"column":1601}},"35":{"start":{"line":10,"column":1603},"end":{"line":10,"column":1675}},"36":{"start":{"line":10,"column":1659},"end":{"line":10,"column":1671}},"37":{"start":{"line":10,"column":1691},"end":{"line":10,"column":1712}},"38":{"start":{"line":10,"column":1740},"end":{"line":10,"column":1782}},"39":{"start":{"line":10,"column":1784},"end":{"line":10,"column":1947}},"40":{"start":{"line":10,"column":1957},"end":{"line":10,"column":2050}},"41":{"start":{"line":10,"column":2096},"end":{"line":10,"column":2236}},"42":{"start":{"line":10,"column":2152},"end":{"line":10,"column":2232}},"43":{"start":{"line":10,"column":2195},"end":{"line":10,"column":2228}},"44":{"start":{"line":10,"column":2349},"end":{"line":10,"column":2392}},"45":{"start":{"line":10,"column":2394},"end":{"line":10,"column":2886}},"46":{"start":{"line":10,"column":2438},"end":{"line":10,"column":2448}},"47":{"start":{"line":10,"column":2458},"end":{"line":10,"column":2470}},"48":{"start":{"line":10,"column":2472},"end":{"line":10,"column":2884}},"49":{"start":{"line":10,"column":2609},"end":{"line":10,"column":2648}},"50":{"start":{"line":10,"column":2669},"end":{"line":10,"column":2707}},"51":{"start":{"line":10,"column":2768},"end":{"line":10,"column":2810}},"52":{"start":{"line":10,"column":2833},"end":{"line":10,"column":2880}},"53":{"start":{"line":10,"column":2887},"end":{"line":10,"column":2906}},"54":{"start":{"line":10,"column":2930},"end":{"line":10,"column":3294}},"55":{"start":{"line":10,"column":3041},"end":{"line":10,"column":3134}},"56":{"start":{"line":10,"column":3093},"end":{"line":10,"column":3130}},"57":{"start":{"line":10,"column":3137},"end":{"line":10,"column":3288}},"58":{"start":{"line":10,"column":3361},"end":{"line":10,"column":3377}},"59":{"start":{"line":10,"column":3379},"end":{"line":10,"column":4499}},"60":{"start":{"line":10,"column":3411},"end":{"line":10,"column":3486}},"61":{"start":{"line":10,"column":3438},"end":{"line":10,"column":3486}},"62":{"start":{"line":10,"column":3487},"end":{"line":10,"column":3573}},"63":{"start":{"line":10,"column":3516},"end":{"line":10,"column":3550}},"64":{"start":{"line":10,"column":3540},"end":{"line":10,"column":3550}},"65":{"start":{"line":10,"column":3551},"end":{"line":10,"column":3571}},"66":{"start":{"line":10,"column":3574},"end":{"line":10,"column":4496}},"67":{"start":{"line":10,"column":3642},"end":{"line":10,"column":3658}},"68":{"start":{"line":10,"column":3660},"end":{"line":10,"column":3836}},"69":{"start":{"line":10,"column":3697},"end":{"line":10,"column":3735}},"70":{"start":{"line":10,"column":3737},"end":{"line":10,"column":3834}},"71":{"start":{"line":10,"column":3759},"end":{"line":10,"column":3809}},"72":{"start":{"line":10,"column":3800},"end":{"line":10,"column":3809}},"73":{"start":{"line":10,"column":3810},"end":{"line":10,"column":3832}},"74":{"start":{"line":10,"column":3837},"end":{"line":10,"column":4138}},"75":{"start":{"line":10,"column":3868},"end":{"line":10,"column":3911}},"76":{"start":{"line":10,"column":3916},"end":{"line":10,"column":4138}},"77":{"start":{"line":10,"column":3950},"end":{"line":10,"column":4021}},"78":{"start":{"line":10,"column":3982},"end":{"line":10,"column":4021}},"79":{"start":{"line":10,"column":4022},"end":{"line":10,"column":4061}},"80":{"start":{"line":10,"column":4069},"end":{"line":10,"column":4138}},"81":{"start":{"line":10,"column":4139},"end":{"line":10,"column":4159}},"82":{"start":{"line":10,"column":4173},"end":{"line":10,"column":4205}},"83":{"start":{"line":10,"column":4207},"end":{"line":10,"column":4392}},"84":{"start":{"line":10,"column":4239},"end":{"line":10,"column":4340}},"85":{"start":{"line":10,"column":4331},"end":{"line":10,"column":4340}},"86":{"start":{"line":10,"column":4341},"end":{"line":10,"column":4390}},"87":{"start":{"line":10,"column":4393},"end":{"line":10,"column":4494}},"88":{"start":{"line":10,"column":4569},"end":{"line":10,"column":4583}},"89":{"start":{"line":10,"column":4594},"end":{"line":10,"column":4623}},"90":{"start":{"line":10,"column":4625},"end":{"line":10,"column":5028}},"91":{"start":{"line":10,"column":4651},"end":{"line":10,"column":5028}},"92":{"start":{"line":10,"column":5042},"end":{"line":10,"column":5090}},"93":{"start":{"line":10,"column":5092},"end":{"line":10,"column":5222}},"94":{"start":{"line":10,"column":5121},"end":{"line":10,"column":5222}},"95":{"start":{"line":10,"column":5234},"end":{"line":10,"column":5244}},"96":{"start":{"line":10,"column":5246},"end":{"line":10,"column":5619}},"97":{"start":{"line":10,"column":5664},"end":{"line":10,"column":5683}},"98":{"start":{"line":10,"column":5685},"end":{"line":10,"column":5823}},"99":{"start":{"line":10,"column":5871},"end":{"line":10,"column":5893}},"100":{"start":{"line":10,"column":5895},"end":{"line":10,"column":5964}},"101":{"start":{"line":10,"column":5999},"end":{"line":10,"column":6095}},"102":{"start":{"line":10,"column":6126},"end":{"line":10,"column":6572}},"103":{"start":{"line":10,"column":6163},"end":{"line":10,"column":6187}},"104":{"start":{"line":10,"column":6189},"end":{"line":10,"column":6246}},"105":{"start":{"line":10,"column":6209},"end":{"line":10,"column":6246}},"106":{"start":{"line":10,"column":6247},"end":{"line":10,"column":6303}},"107":{"start":{"line":10,"column":6287},"end":{"line":10,"column":6303}},"108":{"start":{"line":10,"column":6304},"end":{"line":10,"column":6570}},"109":{"start":{"line":10,"column":6343},"end":{"line":10,"column":6345}},"110":{"start":{"line":10,"column":6354},"end":{"line":10,"column":6542}},"111":{"start":{"line":10,"column":6372},"end":{"line":10,"column":6487}},"112":{"start":{"line":10,"column":6403},"end":{"line":10,"column":6487}},"113":{"start":{"line":10,"column":6433},"end":{"line":10,"column":6487}},"114":{"start":{"line":10,"column":6488},"end":{"line":10,"column":6540}},"115":{"start":{"line":10,"column":6544},"end":{"line":10,"column":6568}},"116":{"start":{"line":10,"column":6573},"end":{"line":10,"column":6601}},"117":{"start":{"line":10,"column":6628},"end":{"line":10,"column":6666}},"118":{"start":{"line":10,"column":6669},"end":{"line":10,"column":12094}},"119":{"start":{"line":10,"column":7102},"end":{"line":10,"column":7151}},"120":{"start":{"line":10,"column":7153},"end":{"line":10,"column":7258}},"121":{"start":{"line":10,"column":7297},"end":{"line":10,"column":7538}},"122":{"start":{"line":10,"column":7575},"end":{"line":10,"column":7599}},"123":{"start":{"line":10,"column":7718},"end":{"line":10,"column":7730}},"124":{"start":{"line":10,"column":7852},"end":{"line":10,"column":7902}},"125":{"start":{"line":10,"column":7914},"end":{"line":10,"column":7987}},"126":{"start":{"line":10,"column":7989},"end":{"line":10,"column":8131}},"127":{"start":{"line":10,"column":8079},"end":{"line":10,"column":8127}},"128":{"start":{"line":10,"column":8247},"end":{"line":10,"column":8259}},"129":{"start":{"line":10,"column":8301},"end":{"line":10,"column":8329}},"130":{"start":{"line":10,"column":8379},"end":{"line":10,"column":8390}},"131":{"start":{"line":10,"column":8399},"end":{"line":10,"column":8401}},"132":{"start":{"line":10,"column":8403},"end":{"line":10,"column":8442}},"133":{"start":{"line":10,"column":8427},"end":{"line":10,"column":8442}},"134":{"start":{"line":10,"column":8443},"end":{"line":10,"column":8628}},"135":{"start":{"line":10,"column":8484},"end":{"line":10,"column":8596}},"136":{"start":{"line":10,"column":8517},"end":{"line":10,"column":8527}},"137":{"start":{"line":10,"column":8529},"end":{"line":10,"column":8594}},"138":{"start":{"line":10,"column":8548},"end":{"line":10,"column":8594}},"139":{"start":{"line":10,"column":8597},"end":{"line":10,"column":8625}},"140":{"start":{"line":10,"column":8740},"end":{"line":10,"column":9075}},"141":{"start":{"line":10,"column":8948},"end":{"line":10,"column":9075}},"142":{"start":{"line":10,"column":8971},"end":{"line":10,"column":9075}},"143":{"start":{"line":10,"column":9103},"end":{"line":10,"column":9118}},"144":{"start":{"line":10,"column":9136},"end":{"line":10,"column":9165}},"145":{"start":{"line":10,"column":9167},"end":{"line":10,"column":9221}},"146":{"start":{"line":10,"column":9200},"end":{"line":10,"column":9221}},"147":{"start":{"line":10,"column":9222},"end":{"line":10,"column":9239}},"148":{"start":{"line":10,"column":9302},"end":{"line":10,"column":9333}},"149":{"start":{"line":10,"column":9317},"end":{"line":10,"column":9333}},"150":{"start":{"line":10,"column":9348},"end":{"line":10,"column":9352}},"151":{"start":{"line":10,"column":9385},"end":{"line":10,"column":9530}},"152":{"start":{"line":10,"column":9533},"end":{"line":10,"column":10237}},"153":{"start":{"line":10,"column":9546},"end":{"line":10,"column":9572}},"154":{"start":{"line":10,"column":9601},"end":{"line":10,"column":9619}},"155":{"start":{"line":10,"column":9630},"end":{"line":10,"column":9646}},"156":{"start":{"line":10,"column":9648},"end":{"line":10,"column":9698}},"157":{"start":{"line":10,"column":9677},"end":{"l
[...]
   example: \"ngomachrs@gmail.com\",\r\n                },\r\n                password: {\r\n                  type: \"string\", \r\n                  example: \"123\",\r\n                },\r\n              },\r\n            },\r\n            \r\n          },\r\n          securitySchemes: {\r\n            bearerAuth: {\r\n              type: 'http',\r\n              scheme: 'bearer',\r\n              bearerFormat: 'JWT',\r\n              name: \"Authorization\",\r\n              in: \"header\",\r\n            },\r\n          },\r\n        },\r\n        \r\n\r\n        paths: {\r\n          '/auth/signup': {\r\n            post: {\r\n              tags: ['Users'],\r\n              summary: 'User signup',\r\n              parameters: [],\r\n              requestBody: {\r\n                content: {\r\n                  'application/json': {\r\n                    schema: {\r\n                      $ref: '#/components/schemas/Users',\r\n                    },\r\n                    example: {\r\n                      username: 'ngoma',\r\n                      email: 'n@g.com',\r\n                      password: 'nn',\r\n                    },\r\n                  },\r\n                },\r\n                required: true,\r\n              },\r\n              responses: {\r\n                201: {\r\n                  description: 'Signup successfully',\r\n                },\r\n                400: {\r\n                  description: 'Bad Request',\r\n                },\r\n                \r\n              },\r\n            },\r\n          },\r\n          '/auth/login': {\r\n              post: {\r\n              tags: ['login'],\r\n              summary: 'User login',\r\n              requestBody: {\r\n                content: {\r\n                  'application/json': {\r\n                    schema: {\r\n                      $ref: '#/components/schemas/Users',\r\n                    },\r\n                    example: {\r\n                      username:\"ngoma\",\r\n                      password:\"nn\"\r\n                    },\r\n                  },\r\n                },\r\n                required: true,\r\n              },\r\n              responses: {\r\n                200: {\r\n                  description: 'logged in successfully',\r\n                },\r\n                404: {\r\n                  description: 'Not found',\r\n                },\r\n              },\r\n              }\r\n          },\r\n          '/auth/admin/login': {\r\n            post: {\r\n            tags: ['login'],\r\n            summary: 'Admin login',\r\n            requestBody: {\r\n              content: {\r\n                'application/json': {\r\n                  schema: {\r\n                      $ref: '#/components/schemas/Users',\r\n                    },\r\n                  example: {\r\n                    username:\"ngoma\",\r\n                    password:\"ngoma\"\r\n                  },\r\n                },\r\n              },\r\n              required: true,\r\n            },\r\n            responses: {\r\n              200: {\r\n                description: 'logged in successfully',\r\n              },\r\n              404: {\r\n                description: 'Not found',\r\n              },\r\n            },\r\n            }\r\n        },\r\n        '/auth':{\r\n          get:{\r\n            tags:['Users'],\r\n            summary:'Get all Users',\r\n            security: [{bearerAuth: []}],\r\n            responses: {\r\n              200: {\r\n                description: 'successfully',\r\n              },\r\n          },\r\n          }\r\n          },\r\n          '/auth/profile/{id}':{\r\n            put:{\r\n              tags:['Users'],\r\n              summary:'Update Profile',\r\n              security: [{bearerAuth: []}],\r\n              parameters: [\r\n                {\r\n                   \"in\": \"path\",\r\n                 \"name\": \"id\",\r\n                  required: true,\r\n                }\r\n              ],\r\n              requestBody: {\r\n                content: {\r\n                  'application/json': {\r\n                    schema: {\r\n                      $ref: '#/components/schemas/Users',\r\n                    },\r\n                  },\r\n                },\r\n                \r\n              },\r\n              responses: {\r\n                200: {\r\n                  description: 'profile updated successfully',\r\n                },\r\n                401: {\r\n                  description: 'User Not Authorized',\r\n                },\r\n                404: {\r\n                  description: 'Not found',\r\n                },\r\n              },\r\n            }\r\n          },\r\n          '/auth/account/{id}':{\r\n            delete:{\r\n              tags:['Users'],\r\n              summary:'remove User',\r\n              security: [{bearerAuth: []}],\r\n              parameters: [\r\n                {\r\n                   \"in\": \"path\",\r\n                 \"name\": \"id\",\r\n                  required: true,\r\n                },\r\n              ],\r\n              responses: {\r\n                200: {\r\n                  description: 'successfully',\r\n                },\r\n                401: {\r\n                  description: 'User Not Authorized',\r\n                },\r\n                404: {\r\n                  description: 'Not found',\r\n                },\r\n              \r\n              },\r\n            }\r\n          },\r\n        '/blogs/':{\r\n          get:{\r\n            tags:['Blogs'],\r\n            summary:'Get all blogs',\r\n            responses: {\r\n              200: {\r\n                description: 'successfully',\r\n              },\r\n          },\r\n          }\r\n          },\r\n          '/blogs/{id}/': {\r\n            get: {\r\n\r\n            tags: ['Blogs'],\r\n            summary: 'Get single blog by id',\r\n            parameters: [\r\n              {\r\n                 \"in\": \"path\",\r\n               \"name\": \"id\",\r\n                required: true,\r\n              }\r\n            ],\r\n            responses: {\r\n              200: {\r\n                description: 'successfully',\r\n              },\r\n            },\r\n            }\r\n        },\r\n        '/blogs':{\r\n          post:{\r\n            tags:['Blogs'],\r\n            summary:'Create new blog',\r\n            security: [{bearerAuth: []}],\r\n            requestBody: {\r\n              content: {\r\n                'multipart/form-data': {\r\n                  schema: {\r\n                    $ref: '#/components/schemas/Blogs',\r\n                  },\r\n                },\r\n              },\r\n              required: true,\r\n            },\r\n            responses: {\r\n              200: {\r\n                description: 'successfully',\r\n              },\r\n              401: {\r\n                description: 'User Not Authorized',\r\n              },\r\n              \r\n            },\r\n          }\r\n        },\r\n        '/blogs/blog/{id}':{\r\n          put:{\r\n            tags:['Blogs'],\r\n            summary:'Update blog',\r\n            security: [{bearerAuth: []}],\r\n            parameters: [\r\n              {\r\n                 \"in\": \"path\",\r\n               \"name\": \"id\",\r\n                required: true,\r\n              }\r\n            ],\r\n            requestBody: {\r\n              content: {\r\n                'multipart/form-data': {\r\n                  schema: {\r\n                    $ref: '#/components/schemas/Blogs',\r\n                  },\r\n                \r\n                },\r\n              },\r\n              \r\n            },\r\n            responses: {\r\n              200: {\r\n                description: 'successfully',\r\n              },\r\n              401: {\r\n                description: 'User Not Authorized',\r\n              },\r\n              404: {\r\n                description: 'Not found',\r\n              },\r\n              500: {\r\n                  description: 'Internal Server Error'\r\n              }\r\n            },\r\n          }\r\n        },\r\n        '/blogs/{id}':{\r\n          delete:{\r\n            tags:['Blogs'],\r\n            security: [{bearerAuth: []}],\r\n            summary:'Delete blog article',\r\n            parameters: [\r\n              {\r\n                 \"in\": \"path\",\r\n               \"name\": \"id\",\r\n                required: true,\r\n              },\r\n            ],\r\n            responses: {\r\n              200: {\r\n                description: 'successfully',\r\n              },\r\n              401: {\r\n                description: 'User Not Authorized',\r\n              },\r\n              404: {\r\n                description: 'Article doesn\\'t exist!',\r\n              },\r\n             \r\n            },\r\n          }\r\n        },\r\n        '/comments/{id}':{\r\n          post:{\r\n            tags:['Blogs'],\r\n            summary:'Comment on blog article',\r\n            security: [{bearerAuth: []}],\r\n            parameters: [\r\n              {\r\n                 \"in\": \"path\",\r\n               \"name\": \"id\",\r\n                required: true,\r\n              }],\r\n            requestBody: {\r\n              content: {\r\n                'application/json': {\r\n                  schema: {\r\n                    $ref: '#/components/schemas/Comment',\r\n                  },\r\n                  example: {\r\n                    comment:\"good content\"\r\n                  },\r\n                },\r\n              },\r\n              required: true,\r\n            },\r\n            responses: {\r\n              200: {\r\n                description: 'Comment posted successfully',\r\n              },\r\n              401: {\r\n                description: 'Not Authorized',\r\n              },\r\n              404: {\r\n                description: 'Not found',\r\n              },\r\n              \r\n            },\r\n          }\r\n        },\r\n      \r\n        '/messages':{\r\n          post:{\r\n            tags:['Messages'],\r\n            summary:'Sending message',\r\n            requestBody: {\r\n              content: {\r\n                'application/json': {\r\n                  schema: {\r\n                    $ref: '#/components/schemas/Comment',\r\n                  },\r\n                  example: {\r\n                    name:\"chris\",\r\n                    email:\"n@g.com\",\r\n                    content:\"message\"\r\n                  },\r\n                },\r\n              },\r\n              required: true,\r\n            },\r\n            responses: {\r\n              200: {\r\n                description: 'successfully',\r\n              },\r\n              500: {\r\n                  description: 'Internal Server Error'\r\n              }\r\n            },\r\n          }\r\n        },\r\n        '/messages/':{\r\n          get:{\r\n            tags:['Messages'],\r\n            summary:'Get all messages',\r\n            security: [{bearerAuth: []}],\r\n            responses: {\r\n              200: {\r\n                description: 'successfully',\r\n              },\r\n              401: {\r\n                description: 'Not Authorized',\r\n              },\r\n              500: {\r\n                  description: 'Internal Server Error'\r\n            },\r\n          },\r\n          }\r\n          },\r\n        \r\n      \r\n      '/messages/{id}': {\r\n        delete: {\r\n        tags: ['Messages'],\r\n        summary: 'delete a message',\r\n        security: [{bearerAuth: []}],\r\n        parameters: [\r\n          {\r\n             \"in\": \"path\",\r\n           \"name\": \"id\",\r\n            required: true,\r\n          }\r\n        ],\r\n        responses: {\r\n          200: {\r\n            description: 'successfully',\r\n          },\r\n          500: {\r\n              description: 'Internal Server Error'\r\n          }\r\n        }\r\n        }\r\n      },\r\n      },\r\n    },\r\n    apis: [\"./routes/*.js\"],\r\n   \r\n  };"],"mappings":";;AAAAA,MAAM,CAACC,OAAO,GAAG;EACbC,UAAU,EAAC;IACPC,OAAO,EAAE,OAAO;IAAE;IAClBC,IAAI,EAAE;MACNC,KAAK,EAAE,eAAe;MAAE;MACxBC,WAAW,EAAE,+CAA+C;MAAE;MAC9DC,OAAO,EAAE,OAAO;MAAE;MAClBC,OAAO,EAAE;QACLC,IAAI,EAAE,aAAa;QAAE;QACrBC,KAAK,EAAE,qBAAqB;QAAE;QAC9BC,GAAG,EAAE,SAAS,CAAE;MACpB;IAEA,CAAC;;IACDC,OAAO,EAAE,CACL;MACID,GAAG,EAAC,0CAA0C;MAC9CL,WAAW,EAAE;IAEjB,CAAC,CACJ;IAGCO,IAAI,EAAE,CACJ;MACEJ,IAAI,EAAE,OAAO;MAAE;MACfH,WAAW,EAAE;IACf,CAAC,EACD;MACEG,IAAI,EAAE,OAAO;MAAE;MACfH,WAAW,EAAE;IACf,CAAC,EACD;MACEG,IAAI,EAAE,OAAO;MAAE;MACfH,WAAW,EAAE;IACf,CAAC,EACD;MACEG,IAAI,EAAE,UAAU;MAAE;MAClBH,WAAW,EAAE;IACf,CAAC,CACJ;IACDQ,UAAU,EAAE;MACVC,OAAO,EAAE;QAEP;QACAC,KAAK,EAAE;UACLC,IAAI,EAAE,QAAQ;UAAE;UAChBC,UAAU,EAAE;YACVC,OAAO,EAAE;cACPF,IAAI,EAAE,QAAQ;cAAE;cAChBX,WAAW,EAAE,0BAA0B;cAAE;cACzCc,OAAO,EAAE,KAAK,CAAE;YAClB,CAAC;;YACDC,QAAQ,EAAE;cACRJ,IAAI,EAAE,QAAQ;cAAE;cAChBX,WAAW,EAAE,0BAA0B;cAAE;cACzCc,OAAO,EAAE,KAAK,CAAE;YAClB,CAAC;;YACDE,KAAK,EAAE;cACLL,IAAI,EAAE,MAAM;cAAE;cACdX,WAAW,EAAE,YAAY,CAAE;YAC7B,CAAC;;YACDiB,OAAO,EAAE;cACPN,IAAI,EAAE,QAAQ;cAAE;cAChBG,OAAO,EAAE,KAAK,CAAE;YAClB;UACF;QACF,CAAC;;QACDI,OAAO,EAAE;UACPP,IAAI,EAAE,QAAQ;UAAE;UAChBC,UAAU,EAAE;YACVO,OAAO,EAAE;cACPR,IAAI,EAAE,QAAQ,CAAE;YAClB;UACF;QACF,CAAC;;QACDS,GAAG,EAAE;UACHT,IAAI,EAAE,QAAQ;UAAE;UAChBC,UAAU,EAAE;YACVT,IAAI,EAAE;cACJQ,IAAI,EAAE,QAAQ,CAAE;YAClB,CAAC;;YACDP,KAAK,EAAE;cACLO,IAAI,EAAE,QAAQ,CAAE;YAClB,CAAC;;YACDM,OAAO,EAAE;cACPN,IAAI,EAAE,QAAQ,CAAE;YAClB;UACF;QACF,CAAC;;QACDU,KAAK,EAAE;UACLV,IAAI,EAAE,QAAQ;UACdC,UAAU,EAAE;YACVU,QAAQ,EAAE;cACRX,IAAI,EAAE,QAAQ;cACdG,OAAO,EAAE;YACX,CAAC;YACDV,KAAK,EAAE;cACLO,IAAI,EAAE,QAAQ;cACdG,OAAO,EAAE;YACX,CAAC;YACDS,QAAQ,EAAE;cACRZ,IAAI,EAAE,QAAQ;cACdG,OAAO,EAAE;YACX;UACF;QACF;MAEF,CAAC;MACDU,eAAe,EAAE;QACfC,UAAU,EAAE;UACVd,IAAI,EAAE,MAAM;UACZe,MAAM,EAAE,QAAQ;UAChBC,YAAY,EAAE,KAAK;UACnBxB,IAAI,EAAE,eAAe;UACrB,MAAI;QACN;MACF;IACF,CAAC;IAGDyB,KAAK,EAAE;MACL,cAAc,EAAE;QACdC,IAAI,EAAE;UACJtB,IAAI,EAAE,CAAC,OAAO,CAAC;UACfuB,OAAO,EAAE,aAAa;UACtBC,UAAU,EAAE,EAAE;UACdC,WAAW,EAAE;YACXf,OAAO,EAAE;cACP,kBAAkB,EAAE;gBAClBgB,MAAM,EAAE;kBACNC,IAAI,EAAE;gBACR,CAAC;gBACDpB,OAAO,EAAE;kBACPQ,QAAQ,EAAE,OAAO;kBACjBlB,KAAK,EAAE,SAAS;kBAChBmB,QAAQ,EAAE;gBACZ;cACF;YACF,CAAC;YACDY,QAAQ,EAAE;UACZ,CAAC;UACDC,SAAS,EAAE;YACT,GAAG,EAAE;cACHpC,WAAW,EAAE;YACf,CAAC;YACD,GAAG,EAAE;cACHA,WAAW,EAAE;YACf;UAEF;QACF;MACF,CAAC;MACD,aAAa,EAAE;QACX6B,IAAI,EAAE;UACNtB,IAAI,EAAE,CAAC,OAAO,CAAC;UACfuB,OAAO,EAAE,YAAY;UACrBE,WAAW,EAAE;YACXf,OAAO,EAAE;cACP,kBAAkB,EAAE;gBAClBgB,MAAM,EAAE;kBACNC,IAAI,EAAE;gBACR,CAAC;gBACDpB,OAAO,EAAE;kBACPQ,QAAQ,EAAC,OAAO;kBAChBC,QAAQ,EAAC;gBACX;cACF;YACF,CAAC;YACDY,QAAQ,EAAE;UACZ,CAAC;UACDC,SAAS,EAAE;YACT,GAAG,EAAE;cACHpC,WAAW,EAAE;YACf,CAAC;YACD,GAAG,EAAE;cACHA,WAAW,EAAE;YACf;UACF;QACA;MACJ,CAAC;MACD,mBAAmB,EAAE;QACnB6B,IAAI,EAAE;UACNtB,IAAI,EAAE,CAAC,OAAO,CAAC;UACfuB,OAAO,EAAE,aAAa;UACtBE,WAAW,EAAE;YACXf,OAAO,EAAE;cACP,kBAAkB,EAAE;gBAClBgB,MAAM,EAAE;kBACJC,IAAI,EAAE;gBACR,CAAC;gBACHpB,OAAO,EAAE;kBACPQ,QAAQ,EAAC,OAAO;kBAChBC,QAAQ,EAAC;gBACX;cACF;YACF,CAAC;YACDY,QAAQ,EAAE;UACZ,CAAC;UACDC,SAAS,EAAE;YACT,GAAG,EAAE;cACHpC,WAAW,EAAE;YACf,CAAC;YACD,GAAG,EAAE;cACHA,WAAW,EAAE;YACf;UACF;QACA;MACJ,CAAC;MACD,OAAO,EAAC;QACNqC,GAAG,EAAC;UACF9B,IAAI,EAAC,CAAC,OAAO,CAAC;UACduB,OAAO,EAAC,eAAe;UACvBQ,QAAQ,EAAE,CAAC;YAACb,UAAU,EAAE;UAAE,CAAC,CAAC;UAC5BW,SAAS,EAAE;YACT,GAAG,EAAE;cACHpC,WAAW,EAAE;YACf;UACJ;QACA;MACA,CAAC;MACD,oBAAoB,EAAC;QACnBuC,GAAG,EAAC;UACFhC,IAAI,EAAC,CAAC,OAAO,CAAC;UACduB,OAAO,EAAC,gBAAgB;UACxBQ,QAAQ,EAAE,CAAC;YAACb,UAAU,EAAE;UAAE,CAAC,CAAC;UAC5BM,UAAU,EAAE,CACV;YACG,IAAI,EAAE,MAAM;YACd,MAAM,EAAE,IAAI;YACXI,QAAQ,EAAE;UACZ,CAAC,CACF;UACDH,WAAW,EAAE;YACXf,OAAO,EAAE;cACP,kBAAkB,EAAE;gBAClBgB,MAAM,EAAE;kBACNC,IAAI,EAAE;gBACR;cACF;YACF;UAEF,CAAC;UACDE,SAAS,EAAE;YACT,GAAG,EAAE;cACHpC,WAAW,EAAE;YACf,CAAC;YACD,GAAG,EAAE;cACHA,WAAW,EAAE;YACf,CAAC;YACD,GAAG,EAAE;cACHA,WAAW,EAAE;YACf;UACF;QACF;MACF,CAAC;MACD,oBAAoB,EAAC;QACnB,UAAO;UACLO,IAAI,EAAC,CAAC,OAAO,CAAC;UACduB,OAAO,EAAC,aAAa;UACrBQ,QAAQ,EAAE,CAAC;YAACb,UAAU,EAAE;UAAE,CAAC,CAAC;UAC5BM,UAAU,EAAE,CACV;YACG,IAAI,EAAE,MAAM;YACd,MAAM,EAAE,IAAI;YACXI,QAAQ,EAAE;UACZ,CAAC,CACF;UACDC,SAAS,EAAE;YACT,GAAG,EAAE;cACHpC,WAAW,EAAE;YACf,CAAC;YACD,GAAG,EAAE;cACHA,WAAW,EAAE;YACf,CAAC;YACD,GAAG,EAAE;cACHA,WAAW,EAAE;YACf;UAEF;QACF;MACF,CAAC;MACH,SAAS,EAAC;QACRqC,GAAG,EAAC;UACF9B,IAAI,EAAC,CAAC,OAAO,CAAC;UACduB,OAAO,EAAC,eAAe;UACvBM,SAAS,EAAE;YACT,GAAG,EAAE;cACHpC,WAAW,EAAE;YACf;UACJ;QACA;MACA,CAAC;MACD,cAAc,EAAE;QACdqC,GAAG,EAAE;UAEL9B,IAAI,EAAE,CAAC,OAAO,CAAC;UACfuB,OAAO,EAAE,uBAAuB;UAChCC,UAAU,EAAE,CACV;YACG,IAAI,EAAE,MAAM;YACd,MAAM,EAAE,IAAI;YACXI,QAAQ,EAAE;UACZ,CAAC,CACF;UACDC,SAAS,EAAE;YACT,GAAG,EAAE;cACHpC,WAAW,EAAE;YACf;UACF;QACA;MACJ,CAAC;MACD,QAAQ,EAAC;QACP6B,IAAI,EAAC;UACHtB,IAAI,EAAC,CAAC,OAAO,CAAC;UACduB,OAAO,EAAC,iBAAiB;UACzBQ,QAAQ,EAAE,CAAC;YAACb,UAAU,EAAE;UAAE,CAAC,CAAC;UAC5BO,WAAW,EAAE;YACXf,OAAO,EAAE;cACP,qBAAqB,EAAE;gBACrBgB,MAAM,EAAE;kBACNC,IAAI,EAAE;gBACR;cACF;YACF,CAAC;YACDC,QAAQ,EAAE;UACZ,CAAC;UACDC,SAAS,EAAE;YACT,GAAG,EAAE;cACHpC,WAAW,EAAE;YACf,CAAC;YACD,GAAG,EAAE;cACHA,WAAW,EAAE;YACf;UAEF;QACF;MACF,CAAC;MACD,kBAAkB,EAAC;QACjBuC,GAAG,EAAC;UACFhC,IAAI,EAAC,CAAC,OAAO,CAAC;UACduB,OAAO,EAAC,aAAa;UACrBQ,QAAQ,EAAE,CAAC;YAACb,UAAU,EAAE;UAAE,CAAC,CAAC;UAC5BM,UAAU,EAAE,CACV;YACG,IAAI,EAAE,MAAM;YACd,MAAM,EAAE,IAAI;YACXI,QAAQ,EAAE;UACZ,CAAC,CACF;UACDH,WAAW,EAAE;YACXf,OAAO,EAAE;cACP,qBAAqB,EAAE;gBACrBgB,MAAM,EAAE;kBACNC,IAAI,EAAE;gBACR;cAEF;YACF;UAEF,CAAC;UACDE,SAAS,EAAE;YACT,GAAG,EAAE;cACHpC,WAAW,EAAE;YACf,CAAC;YACD,GAAG,EAAE;cACHA,WAAW,EAAE;YACf,CAAC;YACD,GAAG,EAAE;cACHA,WAAW,EAAE;YACf,CAAC;YACD,GAAG,EAAE;cACDA,WAAW,EAAE;YACjB;UACF;QACF;MACF,CAAC;MACD,aAAa,EAAC;QACZ,UAAO;UACLO,IAAI,EAAC,CAAC,OAAO,CAAC;UACd+B,QAAQ,EAAE,CAAC;YAACb,UAAU,EAAE;UAAE,CAAC,CAAC;UAC5BK,OAAO,EAAC,qBAAqB;UAC7BC,UAAU,EAAE,CACV;YACG,IAAI,EAAE,MAAM;YACd,MAAM,EAAE,IAAI;YACXI,QAAQ,EAAE;UACZ,CAAC,CACF;UACDC,SAAS,EAAE;YACT,GAAG,EAAE;cACHpC,WAAW,EAAE;YACf,CAAC;YACD,GAAG,EAAE;cACHA,WAAW,EAAE;YACf,CAAC;YACD,GAAG,EAAE;cACHA,WAAW,EAAE;YACf;UAEF;QACF;MACF,CAAC;MACD,gBAAgB,EAAC;QACf6B,IAAI,EAAC;UACHtB,IAAI,EAAC,CAAC,OAAO,CAAC;UACduB,OAAO,EAAC,yBAAyB;UACjCQ,QAAQ,EAAE,CAAC;YAACb,UAAU,EAAE;UAAE,CAAC,CAAC;UAC5BM,UAAU,EAAE,CACV;YACG,IAAI,EAAE,MAAM;YACd,MAAM,EAAE,IAAI;YACXI,QAAQ,EAAE;UACZ,CAAC,CAAC;UACJH,WAAW,EAAE;YACXf,OAAO,EAAE;cACP,kBAAkB,EAAE;gBAClBgB,MAAM,EAAE;kBACNC,IAAI,EAAE;gBACR,CAAC;gBACDpB,OAAO,EAAE;kBACPK,OAAO,EAAC;gBACV;cACF;YACF,CAAC;YACDgB,QAAQ,EAAE;UACZ,CAAC;UACDC,SAAS,EAAE;YACT,GAAG,EAAE;cACHpC,WAAW,EAAE;YACf,CAAC;YACD,GAAG,EAAE;cACHA,WAAW,EAAE;YACf,CAAC;YACD,GAAG,EAAE;cACHA,WAAW,EAAE;YACf;UAEF;QACF;MACF,CAAC;MAED,WAAW,EAAC;QACV6B,IAAI,EAAC;UACHtB,IAAI,EAAC,CAAC,UAAU,CAAC;UACjBuB,OAAO,EAAC,iBAAiB;UACzBE,WAAW,EAAE;YACXf,OAAO,EAAE;cACP,kBAAkB,EAAE;gBAClBgB,MAAM,EAAE;kBACNC,IAAI,EAAE;gBACR,CAAC;gBACDpB,OAAO,EAAE;kBACPX,IAAI,EAAC,OAAO;kBACZC,KAAK,EAAC,SAAS;kBACfa,OAAO,EAAC;gBACV;cACF;YACF,CAAC;YACDkB,QAAQ,EAAE;UACZ,CAAC;UACDC,SAAS,EAAE;YACT,GAAG,EAAE;cACHpC,WAAW,EAAE;YACf,CAAC;YACD,GAAG,EAAE;cACDA,WAAW,EAAE;YACjB;UACF;QACF;MACF,CAAC;MACD,YAAY,EAAC;QACXqC,GAAG,EAAC;UACF9B,IAAI,EAAC,CAAC,UAAU,CAAC;UACjBuB,OAAO,EAAC,kBAAkB;UAC1BQ,QAAQ,EAAE,CAAC;YAACb,UAAU,EAAE;UAAE,CAAC,CAAC;UAC5BW,SAAS,EAAE;YACT,GAAG,EAAE;cACHpC,WAAW,EAAE;YACf,CAAC;YACD,GAAG,EAAE;cACHA,WAAW,EAAE;YACf,CAAC;YACD,GAAG,EAAE;cACDA,WAAW,EAAE;YACnB;UACF;QACA;MACA,CAAC;MAGL,gBAAgB,EAAE;QAChB,UAAQ;UACRO,IAAI,EAAE,CAAC,UAAU,CAAC;UAClBuB,OAAO,EAAE,kBAAkB;UAC3BQ,QAAQ,EAAE,CAAC;YAACb,UAAU,EAAE;UAAE,CAAC,CAAC;UAC5BM,UAAU,EAAE,CACV;YACG,IAAI,EAAE,MAAM;YACd,MAAM,EAAE,IAAI;YACXI,QAAQ,EAAE;UACZ,CAAC,CACF;UACDC,SAAS,EAAE;YACT,GAAG,EAAE;cACHpC,WAAW,EAAE;YACf,CAAC;YACD,GAAG,EAAE;cACDA,WAAW,EAAE;YACjB;UACF;QACA;MACF;IACA;EACF,CAAC;EACDwC,IAAI,EAAE,CAAC,eAAe;AAExB,CAAC"},"_coverageSchema":"1a1c01bbd47fc00a2c39e90264f33305004495a9","hash":"6d294af05abdc96fb843e8fea856996d4285dce9","contentHash":"b4a7676eb50e4a91c94890423de35b24fcfaa30460571fa2aa1eb5817f844403"}}