{"total": {"lines":{"total":282,"covered":235,"skipped":0,"pct":83.33},"statements":{"total":425,"covered":358,"skipped":0,"pct":84.23},"functions":{"total":92,"covered":92,"skipped":0,"pct":100},"branches":{"total":297,"covered":178,"skipped":0,"pct":59.93},"branchesTrue":{"total":0,"covered":0,"skipped":0,"pct":100}}
,"C:\\Users\\BIT COMPUTERS\\Documents\\web development\\capstone backend\\src\\/app.js": {"lines":{"total":32,"covered":32,"skipped":0,"pct":100},"functions":{"total":6,"covered":6,"skipped":0,"pct":100},"statements":{"total":39,"covered":38,"skipped":0,"pct":97.43},"branches":{"total":34,"covered":15,"skipped":0,"pct":44.11}}
,"C:\\Users\\BIT COMPUTERS\\Documents\\web development\\capstone backend\\src\\documentation\\/swagger.js": {"lines":{"total":1,"covered":1,"skipped":0,"pct":100},"functions":{"total":0,"covered":0,"skipped":0,"pct":100},"statements":{"total":1,"covered":1,"skipped":0,"pct":100},"branches":{"total":0,"covered":0,"skipped":0,"pct":100}}
,"C:\\Users\\BIT COMPUTERS\\Documents\\web development\\capstone backend\\src\\middleware\\/authenticate.js": {"lines":{"total":16,"covered":14,"skipped":0,"pct":87.5},"functions":{"total":3,"covered":3,"skipped":0,"pct":100},"statements":{"total":17,"covered":15,"skipped":0,"pct":88.23},"branches":{"total":2,"covered":2,"skipped":0,"pct":100}}
,"C:\\Users\\BIT COMPUTERS\\Documents\\web development\\capstone backend\\src\\model\\/Blog.js": {"lines":{"total":3,"covered":3,"skipped":0,"pct":100},"functions":{"total":1,"covered":1,"skipped":0,"pct":100},"statements":{"total":5,"covered":5,"skipped":0,"pct":100},"branches":{"total":2,"covered":2,"skipped":0,"pct":100}}
,"C:\\Users\\BIT COMPUTERS\\Documents\\web development\\capstone backend\\src\\model\\/Comment.js": {"lines":{"total":3,"covered":3,"skipped":0,"pct":100},"functions":{"total":1,"covered":1,"skipped":0,"pct":100},"statements":{"total":5,"covered":5,"skipped":0,"pct":100},"branches":{"total":2,"covered":2,"skipped":0,"pct":100}}
,"C:\\Users\\BIT COMPUTERS\\Documents\\web development\\capstone backend\\src\\model\\/Msg.js": {"lines":{"total":3,"covered":3,"skipped":0,"pct":100},"functions":{"total":1,"covered":1,"skipped":0,"pct":100},"statements":{"total":5,"covered":5,"skipped":0,"pct":100},"branches":{"total":2,"covered":2,"skipped":0,"pct":100}}
,"C:\\Users\\BIT COMPUTERS\\Documents\\web development\\capstone backend\\src\\model\\/Users.js": {"lines":{"total":3,"covered":3,"skipped":0,"pct":100},"functions":{"total":1,"covered":1,"skipped":0,"pct":100},"statements":{"total":5,"covered":5,"skipped":0,"pct":100},"branches":{"total":2,"covered":2,"skipped":0,"pct":100}}
,"C:\\Users\\BIT COMPUTERS\\Documents\\web development\\capstone backend\\src\\routes\\/blogs.js": {"lines":{"total":74,"covered":59,"skipped":0,"pct":79.72},"functions":{"total":22,"covered":22,"skipped":0,"pct":100},"statements":{"total":127,"covered":102,"skipped":0,"pct":80.31},"branches":{"total":88,"covered":56,"skipped":0,"pct":63.63}}
,"C:\\Users\\BIT COMPUTERS\\Documents\\web development\\capstone backend\\src\\routes\\/comments.js": {"lines":{"total":35,"covered":21,"skipped":0,"pct":60},"functions":{"total":10,"covered":10,"skipped":0,"pct":100},"statements":{"total":51,"covered":33,"skipped":0,"pct":64.7},"branches":{"total":46,"covered":23,"skipped":0,"pct":50}}
,"C:\\Users\\BIT COMPUTERS\\Documents\\web development\\capstone backend\\src\\routes\\/msg.js": {"lines":{"total":24,"covered":22,"skipped":0,"pct":91.66},"functions":{"total":14,"covered":14,"skipped":0,"pct":100},"statements":{"total":45,"covered":40,"skipped":0,"pct":88.88},"branches":{"total":38,"covered":21,"skipped":0,"pct":55.26}}
,"C:\\Users\\BIT COMPUTERS\\Documents\\web development\\capstone backend\\src\\routes\\/users.js": {"lines":{"total":77,"covered":65,"skipped":0,"pct":84.41},"functions":{"total":32,"covered":32,"skipped":0,"pct":100},"statements":{"total":114,"covered":100,"skipped":0,"pct":87.71},"branches":{"total":76,"covered":51,"skipped":0,"pct":67.1}}
,"C:\\Users\\BIT COMPUTERS\\Documents\\web development\\capstone backend\\src\\utils\\/cloudinary.js": {"lines":{"total":3,"covered":3,"skipped":0,"pct":100},"functions":{"total":0,"covered":0,"skipped":0,"pct":100},"statements":{"total":3,"covered":3,"skipped":0,"pct":100},"branches":{"total":0,"covered":0,"skipped":0,"pct":100}}
,"C:\\Users\\BIT COMPUTERS\\Documents\\web development\\capstone backend\\src\\utils\\/multer.js": {"lines":{"total":8,"covered":6,"skipped":0,"pct":75},"functions":{"total":1,"covered":1,"skipped":0,"pct":100},"statements":{"total":8,"covered":6,"skipped":0,"pct":75},"branches":{"total":5,"covered":2,"skipped":0,"pct":40}}
}
