{"total": {"lines":{"total":293,"covered":257,"skipped":0,"pct":87.71},"statements":{"total":440,"covered":385,"skipped":0,"pct":87.5},"functions":{"total":109,"covered":105,"skipped":0,"pct":96.33},"branches":{"total":304,"covered":189,"skipped":0,"pct":62.17},"branchesTrue":{"total":0,"covered":0,"skipped":0,"pct":100}}
,"C:\\Users\\BIT COMPUTERS\\Documents\\web development\\capstone backend\\src\\/test.js": {"lines":{"total":33,"covered":33,"skipped":0,"pct":100},"functions":{"total":6,"covered":6,"skipped":0,"pct":100},"statements":{"total":39,"covered":38,"skipped":0,"pct":97.43},"branches":{"total":34,"covered":15,"skipped":0,"pct":44.11}}
,"C:\\Users\\BIT COMPUTERS\\Documents\\web development\\capstone backend\\src\\documentation\\/swagger.js": {"lines":{"total":1,"covered":1,"skipped":0,"pct":100},"functions":{"total":0,"covered":0,"skipped":0,"pct":100},"statements":{"total":1,"covered":1,"skipped":0,"pct":100},"branches":{"total":0,"covered":0,"skipped":0,"pct":100}}
,"C:\\Users\\BIT COMPUTERS\\Documents\\web development\\capstone backend\\src\\middleware\\/authenticate.js": {"lines":{"total":16,"covered":14,"skipped":0,"pct":87.5},"functions":{"total":3,"covered":3,"skipped":0,"pct":100},"statements":{"total":17,"covered":15,"skipped":0,"pct":88.23},"branches":{"total":2,"covered":2,"skipped":0,"pct":100}}
,"C:\\Users\\BIT COMPUTERS\\Documents\\web development\\capstone backend\\src\\model\\/Blog.js": {"lines":{"total":3,"covered":3,"skipped":0,"pct":100},"functions":{"total":1,"covered":1,"skipped":0,"pct":100},"statements":{"total":5,"covered":5,"skipped":0,"pct":100},"branches":{"total":2,"covered":2,"skipped":0,"pct":100}}
,"C:\\Users\\BIT COMPUTERS\\Documents\\web development\\capstone backend\\src\\model\\/Comment.js": {"lines":{"total":3,"covered":3,"skipped":0,"pct":100},"functions":{"total":1,"covered":1,"skipped":0,"pct":100},"statements":{"total":5,"covered":5,"skipped":0,"pct":100},"branches":{"total":2,"covered":2,"skipped":0,"pct":100}}
,"C:\\Users\\BIT COMPUTERS\\Documents\\web development\\capstone backend\\src\\model\\/Msg.js": {"lines":{"total":3,"covered":3,"skipped":0,"pct":100},"functions":{"total":1,"covered":1,"skipped":0,"pct":100},"statements":{"total":5,"covered":5,"skipped":0,"pct":100},"branches":{"total":2,"covered":2,"skipped":0,"pct":100}}
,"C:\\Users\\BIT COMPUTERS\\Documents\\web development\\capstone backend\\src\\model\\/Users.js": {"lines":{"total":3,"covered":3,"skipped":0,"pct":100},"functions":{"total":1,"covered":1,"skipped":0,"pct":100},"statements":{"total":5,"covered":5,"skipped":0,"pct":100},"branches":{"total":2,"covered":2,"skipped":0,"pct":100}}
,"C:\\Users\\BIT COMPUTERS\\Documents\\web development\\capstone backend\\src\\routes\\/blogs.js": {"lines":{"total":77,"covered":61,"skipped":0,"pct":79.22},"functions":{"total":34,"covered":30,"skipped":0,"pct":88.23},"statements":{"total":136,"covered":108,"skipped":0,"pct":79.41},"branches":{"total":96,"covered":62,"skipped":0,"pct":64.58}}
,"C:\\Users\\BIT COMPUTERS\\Documents\\web development\\capstone backend\\src\\routes\\/comments.js": {"lines":{"total":36,"covered":34,"skipped":0,"pct":94.44},"functions":{"total":10,"covered":10,"skipped":0,"pct":100},"statements":{"total":54,"covered":51,"skipped":0,"pct":94.44},"branches":{"total":40,"covered":23,"skipped":0,"pct":57.5}}
,"C:\\Users\\BIT COMPUTERS\\Documents\\web development\\capstone backend\\src\\routes\\/msg.js": {"lines":{"total":24,"covered":22,"skipped":0,"pct":91.66},"functions":{"total":14,"covered":14,"skipped":0,"pct":100},"statements":{"total":44,"covered":39,"skipped":0,"pct":88.63},"branches":{"total":38,"covered":21,"skipped":0,"pct":55.26}}
,"C:\\Users\\BIT COMPUTERS\\Documents\\web development\\capstone backend\\src\\routes\\/users.js": {"lines":{"total":81,"covered":69,"skipped":0,"pct":85.18},"functions":{"total":36,"covered":36,"skipped":0,"pct":100},"statements":{"total":115,"covered":101,"skipped":0,"pct":87.82},"branches":{"total":79,"covered":54,"skipped":0,"pct":68.35}}
,"C:\\Users\\BIT COMPUTERS\\Documents\\web development\\capstone backend\\src\\utils\\/cloudinary.js": {"lines":{"total":5,"covered":5,"skipped":0,"pct":100},"functions":{"total":1,"covered":1,"skipped":0,"pct":100},"statements":{"total":6,"covered":6,"skipped":0,"pct":100},"branches":{"total":2,"covered":2,"skipped":0,"pct":100}}
,"C:\\Users\\BIT COMPUTERS\\Documents\\web development\\capstone backend\\src\\utils\\/multer.js": {"lines":{"total":8,"covered":6,"skipped":0,"pct":75},"functions":{"total":1,"covered":1,"skipped":0,"pct":100},"statements":{"total":8,"covered":6,"skipped":0,"pct":75},"branches":{"total":5,"covered":2,"skipped":0,"pct":40}}
}
