{"total": {"lines":{"total":294,"covered":120,"skipped":0,"pct":40.81},"statements":{"total":443,"covered":158,"skipped":0,"pct":35.66},"functions":{"total":110,"covered":40,"skipped":0,"pct":36.36},"branches":{"total":307,"covered":58,"skipped":0,"pct":18.89},"branchesTrue":{"total":0,"covered":0,"skipped":0,"pct":100}}
,"C:\\Users\\BIT COMPUTERS\\Documents\\web development\\capstone backend\\src\\/test.js": {"lines":{"total":33,"covered":31,"skipped":0,"pct":93.93},"functions":{"total":6,"covered":6,"skipped":0,"pct":100},"statements":{"total":39,"covered":36,"skipped":0,"pct":92.3},"branches":{"total":34,"covered":12,"skipped":0,"pct":35.29}}
,"C:\\Users\\BIT COMPUTERS\\Documents\\web development\\capstone backend\\src\\documentation\\/swagger.js": {"lines":{"total":1,"covered":1,"skipped":0,"pct":100},"functions":{"total":0,"covered":0,"skipped":0,"pct":100},"statements":{"total":1,"covered":1,"skipped":0,"pct":100},"branches":{"total":0,"covered":0,"skipped":0,"pct":100}}
,"C:\\Users\\BIT COMPUTERS\\Documents\\web development\\capstone backend\\src\\middleware\\/authenticate.js": {"lines":{"total":12,"covered":4,"skipped":0,"pct":33.33},"functions":{"total":4,"covered":1,"skipped":0,"pct":25},"statements":{"total":13,"covered":5,"skipped":0,"pct":38.46},"branches":{"total":2,"covered":2,"skipped":0,"pct":100}}
,"C:\\Users\\BIT COMPUTERS\\Documents\\web development\\capstone backend\\src\\model\\/Blog.js": {"lines":{"total":3,"covered":3,"skipped":0,"pct":100},"functions":{"total":1,"covered":1,"skipped":0,"pct":100},"statements":{"total":5,"covered":5,"skipped":0,"pct":100},"branches":{"total":2,"covered":2,"skipped":0,"pct":100}}
,"C:\\Users\\BIT COMPUTERS\\Documents\\web development\\capstone backend\\src\\model\\/Comment.js": {"lines":{"total":6,"covered":6,"skipped":0,"pct":100},"functions":{"total":1,"covered":1,"skipped":0,"pct":100},"statements":{"total":8,"covered":8,"skipped":0,"pct":100},"branches":{"total":2,"covered":2,"skipped":0,"pct":100}}
,"C:\\Users\\BIT COMPUTERS\\Documents\\web development\\capstone backend\\src\\model\\/Msg.js": {"lines":{"total":3,"covered":3,"skipped":0,"pct":100},"functions":{"total":1,"covered":1,"skipped":0,"pct":100},"statements":{"total":5,"covered":5,"skipped":0,"pct":100},"branches":{"total":2,"covered":2,"skipped":0,"pct":100}}
,"C:\\Users\\BIT COMPUTERS\\Documents\\web development\\capstone backend\\src\\model\\/Users.js": {"lines":{"total":3,"covered":3,"skipped":0,"pct":100},"functions":{"total":1,"covered":1,"skipped":0,"pct":100},"statements":{"total":5,"covered":5,"skipped":0,"pct":100},"branches":{"total":2,"covered":2,"skipped":0,"pct":100}}
,"C:\\Users\\BIT COMPUTERS\\Documents\\web development\\capstone backend\\src\\routes\\/blogs.js": {"lines":{"total":79,"covered":21,"skipped":0,"pct":26.58},"functions":{"total":34,"covered":11,"skipped":0,"pct":32.35},"statements":{"total":140,"covered":30,"skipped":0,"pct":21.42},"branches":{"total":99,"covered":9,"skipped":0,"pct":9.09}}
,"C:\\Users\\BIT COMPUTERS\\Documents\\web development\\capstone backend\\src\\routes\\/comments.js": {"lines":{"total":36,"covered":10,"skipped":0,"pct":27.77},"functions":{"total":10,"covered":4,"skipped":0,"pct":40},"statements":{"total":54,"covered":13,"skipped":0,"pct":24.07},"branches":{"total":40,"covered":8,"skipped":0,"pct":20}}
,"C:\\Users\\BIT COMPUTERS\\Documents\\web development\\capstone backend\\src\\routes\\/msg.js": {"lines":{"total":24,"covered":11,"skipped":0,"pct":45.83},"functions":{"total":14,"covered":5,"skipped":0,"pct":35.71},"statements":{"total":44,"covered":15,"skipped":0,"pct":34.09},"branches":{"total":38,"covered":8,"skipped":0,"pct":21.05}}
,"C:\\Users\\BIT COMPUTERS\\Documents\\web development\\capstone backend\\src\\routes\\/users.js": {"lines":{"total":81,"covered":19,"skipped":0,"pct":23.45},"functions":{"total":36,"covered":8,"skipped":0,"pct":22.22},"statements":{"total":115,"covered":26,"skipped":0,"pct":22.6},"branches":{"total":79,"covered":9,"skipped":0,"pct":11.39}}
,"C:\\Users\\BIT COMPUTERS\\Documents\\web development\\capstone backend\\src\\utils\\/cloudinary.js": {"lines":{"total":5,"covered":5,"skipped":0,"pct":100},"functions":{"total":1,"covered":1,"skipped":0,"pct":100},"statements":{"total":6,"covered":6,"skipped":0,"pct":100},"branches":{"total":2,"covered":2,"skipped":0,"pct":100}}
,"C:\\Users\\BIT COMPUTERS\\Documents\\web development\\capstone backend\\src\\utils\\/multer.js": {"lines":{"total":8,"covered":3,"skipped":0,"pct":37.5},"functions":{"total":1,"covered":0,"skipped":0,"pct":0},"statements":{"total":8,"covered":3,"skipped":0,"pct":37.5},"branches":{"total":5,"covered":0,"skipped":0,"pct":0}}
}
